  Building Custom Rule C:/Users/isarl/Documents/VOP/draco/CMakeLists.txt
  attributes_decoder.cc
  kd_tree_attributes_decoder.cc
  sequential_attribute_decoder.cc
  sequential_attribute_decoders_controller.cc
C:\Users\isarl\Documents\VOP\draco\src\draco/mesh/corner_table.h(284,1): warning C4267: 'argument': conversion from 'size_t' to 'ValueTypeT', possible loss of data
          with
          [
              ValueTypeT=uint32_t
          ]
C:\Users\isarl\Documents\VOP\draco\src\draco/compression/attributes/normal_compression_utils.h(184,80): warning C4244: '=': conversion from 'int64_t' to 'T', possible loss of data
          with
          [
              T=int
          ]
C:\Users\isarl\Documents\VOP\draco\src\draco/compression/attributes/prediction_schemes/mesh_prediction_scheme_geometric_normal_decoder.h(122): message : see reference to function template instantiation 'void draco::OctahedronToolBox::CanonicalizeIntegerVector<int>(T *) const' being compiled
          with
          [
              T=int
          ]
C:\Users\isarl\Documents\VOP\draco\src\draco/compression/attributes/prediction_schemes/mesh_prediction_scheme_geometric_normal_decoder.h(102): message : while compiling class template member function 'bool draco::MeshPredictionSchemeGeometricNormalDecoder<DataTypeT,TransformT,MeshDataT>::ComputeOriginalValues(const int *,DataTypeT *,int,int,const draco::PointIndex *)'
          with
          [
              DataTypeT=int32_t,
              TransformT=draco::PredictionSchemeNormalOctahedronCanonicalizedDecodingTransform<int32_t>,
              MeshDataT=MeshData
          ]
C:\Users\isarl\Documents\VOP\draco\src\draco/compression/attributes/prediction_schemes/prediction_scheme_decoder_factory.h(114): message : see reference to class template instantiation 'draco::MeshPredictionSchemeGeometricNormalDecoder<DataTypeT,TransformT,MeshDataT>' being compiled
          with
          [
              DataTypeT=int32_t,
              TransformT=draco::PredictionSchemeNormalOctahedronCanonicalizedDecodingTransform<int32_t>,
              MeshDataT=MeshData
          ]
C:\Users\isarl\Documents\VOP\draco\src\draco/compression/attributes/prediction_schemes/prediction_scheme_decoder_factory.h(110): message : while compiling class template member function 'std::unique_ptr<draco::PredictionSchemeDecoder<int32_t,Transform>,std::default_delete<draco::PredictionSchemeDecoder<int32_t,Transform>>> draco::MeshPredictionSchemeDecoderFactory<DataTypeT>::DispatchFunctor<TransformT,MeshDataT,draco::PREDICTION_TRANSFORM_NORMAL_OCTAHEDRON_CANONICALIZED>::operator ()(draco::PredictionSchemeMethod,const draco::PointAttribute *,const TransformT &,const MeshDataT &,uint16_t)'
          with
          [
              DataTypeT=int32_t,
              TransformT=draco::PredictionSchemeNormalOctahedronCanonicalizedDecodingTransform<int32_t>,
              MeshDataT=MeshData
          ]
C:\Users\isarl\Documents\VOP\draco\src\draco/compression/attributes/prediction_schemes/prediction_scheme_decoder_factory.h(143): message : see reference to function template instantiation 'std::unique_ptr<draco::PredictionSchemeDecoder<int32_t,Transform>,std::default_delete<draco::PredictionSchemeDecoder<int32_t,Transform>>> draco::MeshPredictionSchemeDecoderFactory<DataTypeT>::DispatchFunctor<TransformT,MeshDataT,draco::PREDICTION_TRANSFORM_NORMAL_OCTAHEDRON_CANONICALIZED>::operator ()(draco::PredictionSchemeMethod,const draco::PointAttribute *,const TransformT &,const MeshDataT &,uint16_t)' being compiled
          with
          [
              DataTypeT=int32_t,
              TransformT=draco::PredictionSchemeNormalOctahedronCanonicalizedDecodingTransform<int32_t>,
              MeshDataT=MeshData
          ]
C:\Users\isarl\Documents\VOP\draco\src\draco/compression/attributes/prediction_schemes/prediction_scheme_decoder_factory.h(143): message : see reference to class template instantiation 'draco::MeshPredictionSchemeDecoderFactory<DataTypeT>::DispatchFunctor<TransformT,MeshDataT,draco::PREDICTION_TRANSFORM_NORMAL_OCTAHEDRON_CANONICALIZED>' being compiled
          with
          [
              DataTypeT=int32_t,
              TransformT=draco::PredictionSchemeNormalOctahedronCanonicalizedDecodingTransform<int32_t>,
              MeshDataT=MeshData
          ]
C:\Users\isarl\Documents\VOP\draco\src\draco/compression/attributes/prediction_schemes/prediction_scheme_factory.h(74): message : see reference to function template instantiation 'std::unique_ptr<draco::PredictionSchemeDecoder<int32_t,Transform>,std::default_delete<draco::PredictionSchemeDecoder<int32_t,Transform>>> draco::MeshPredictionSchemeDecoderFactory<DataTypeT>::operator ()<draco::PredictionSchemeNormalOctahedronCanonicalizedDecodingTransform<DataTypeT>,MeshData>(draco::PredictionSchemeMethod,const draco::PointAttribute *,const TransformT &,const MeshDataT &,uint16_t)' being compiled
          with
          [
              DataTypeT=int32_t,
              TransformT=draco::PredictionSchemeNormalOctahedronCanonicalizedDecodingTransform<int32_t>,
              MeshDataT=MeshData
          ]
C:\Users\isarl\Documents\VOP\draco\src\draco/compression/attributes/prediction_schemes/prediction_scheme_factory.h(74): message : see reference to function template instantiation 'std::unique_ptr<draco::PredictionSchemeDecoder<int32_t,Transform>,std::default_delete<draco::PredictionSchemeDecoder<int32_t,Transform>>> draco::MeshPredictionSchemeDecoderFactory<DataTypeT>::operator ()<draco::PredictionSchemeNormalOctahedronCanonicalizedDecodingTransform<DataTypeT>,MeshData>(draco::PredictionSchemeMethod,const draco::PointAttribute *,const TransformT &,const MeshDataT &,uint16_t)' being compiled
          with
          [
              DataTypeT=int32_t,
              TransformT=draco::PredictionSchemeNormalOctahedronCanonicalizedDecodingTransform<int32_t>,
              MeshDataT=MeshData
          ]
C:\Users\isarl\Documents\VOP\draco\src\draco/compression/attributes/prediction_schemes/prediction_scheme_decoder_factory.h(172): message : see reference to function template instantiation 'std::unique_ptr<draco::PredictionSchemeDecoder<int32_t,Transform>,std::default_delete<draco::PredictionSchemeDecoder<int32_t,Transform>>> draco::CreateMeshPredictionScheme<draco::MeshDecoder,draco::PredictionSchemeDecoder<int32_t,Transform>,draco::MeshPredictionSchemeDecoderFactory<DataTypeT>>(const EncodingDataSourceT *,draco::PredictionSchemeMethod,int,const draco::PredictionSchemeNormalOctahedronCanonicalizedDecodingTransform<DataTypeT> &,uint16_t)' being compiled
          with
          [
              DataTypeT=int32_t,
              EncodingDataSourceT=draco::MeshDecoder
          ]
C:\Users\isarl\Documents\VOP\draco\src\draco/compression/attributes/prediction_schemes/prediction_scheme_decoder_factory.h(189): message : see reference to function template instantiation 'std::unique_ptr<draco::PredictionSchemeDecoder<int32_t,Transform>,std::default_delete<draco::PredictionSchemeDecoder<int32_t,Transform>>> draco::CreatePredictionSchemeForDecoder<DataTypeT,TransformT>(draco::PredictionSchemeMethod,int,const draco::PointCloudDecoder *,const TransformT &)' being compiled
          with
          [
              DataTypeT=int32_t,
              TransformT=Transform
          ]
C:\Users\isarl\Documents\VOP\draco\src\draco/compression/attributes/sequential_normal_attribute_decoder.h(72): message : see reference to function template instantiation 'std::unique_ptr<draco::PredictionSchemeDecoder<int32_t,Transform>,std::default_delete<draco::PredictionSchemeDecoder<int32_t,Transform>>> draco::CreatePredictionSchemeForDecoder<int32_t,Transform>(draco::PredictionSchemeMethod,int,const draco::PointCloudDecoder *)' being compiled
C:\Users\isarl\Documents\VOP\draco\src\draco/compression/attributes/normal_compression_utils.h(187,80): warning C4244: '=': conversion from 'int64_t' to 'T', possible loss of data
          with
          [
              T=int
          ]
C:\Users\isarl\Documents\VOP\draco\src\draco/attributes/geometry_attribute.h(279,44): warning C4018: '>': signed/unsigned mismatch
C:\Users\isarl\Documents\VOP\draco\src\draco/attributes/geometry_attribute.h(180): message : see reference to function template instantiation 'bool draco::GeometryAttribute::ConvertTypedValue<uint64_t,OutT>(draco::AttributeValueIndex,int8_t,OutT *) const' being compiled
          with
          [
              OutT=__int64
          ]
C:\Users\isarl\Documents\VOP\draco\src\draco/attributes/geometry_attribute.h(203): message : see reference to function template instantiation 'bool draco::GeometryAttribute::ConvertValue<OutT>(draco::AttributeValueIndex,int8_t,OutT *) const' being compiled
          with
          [
              OutT=__int64
          ]
C:\Users\isarl\Documents\VOP\draco\src\draco/compression/attributes/prediction_schemes/mesh_prediction_scheme_geometric_normal_predictor_base.h(68): message : see reference to function template instantiation 'bool draco::GeometryAttribute::ConvertValue<__int64>(draco::AttributeValueIndex,OutT *) const' being compiled
          with
          [
              OutT=__int64
          ]
C:\Users\isarl\Documents\VOP\draco\src\draco/compression/attributes/prediction_schemes/mesh_prediction_scheme_geometric_normal_predictor_base.h(63): message : while compiling class template member function 'draco::VectorD<int64_t,3> draco::MeshPredictionSchemeGeometricNormalPredictorBase<DataTypeT,TransformT,MeshDataT>::GetPositionForDataId(int) const'
          with
          [
              DataTypeT=int32_t,
              TransformT=draco::PredictionSchemeNormalOctahedronDecodingTransform<int32_t>,
              MeshDataT=MeshData
          ]
C:\Users\isarl\Documents\VOP\draco\src\draco/compression/attributes/prediction_schemes/mesh_prediction_scheme_geometric_normal_predictor_base.h(76): message : see reference to function template instantiation 'draco::VectorD<int64_t,3> draco::MeshPredictionSchemeGeometricNormalPredictorBase<DataTypeT,TransformT,MeshDataT>::GetPositionForDataId(int) const' being compiled
          with
          [
              DataTypeT=int32_t,
              TransformT=draco::PredictionSchemeNormalOctahedronDecodingTransform<int32_t>,
              MeshDataT=MeshData
          ]
C:\Users\isarl\Documents\VOP\draco\src\draco/compression/attributes/prediction_schemes/mesh_prediction_scheme_geometric_normal_predictor_area.h(27): message : see reference to class template instantiation 'draco::MeshPredictionSchemeGeometricNormalPredictorBase<DataTypeT,TransformT,MeshDataT>' being compiled
          with
          [
              DataTypeT=int32_t,
              TransformT=draco::PredictionSchemeNormalOctahedronDecodingTransform<int32_t>,
              MeshDataT=MeshData
          ]
C:\Users\isarl\Documents\VOP\draco\src\draco/compression/attributes/prediction_schemes/mesh_prediction_scheme_geometric_normal_decoder.h(91): message : see reference to class template instantiation 'draco::MeshPredictionSchemeGeometricNormalPredictorArea<DataTypeT,TransformT,MeshDataT>' being compiled
          with
          [
              DataTypeT=int32_t,
              TransformT=draco::PredictionSchemeNormalOctahedronDecodingTransform<int32_t>,
              MeshDataT=MeshData
          ]
C:\Users\isarl\Documents\VOP\draco\src\draco/compression/attributes/prediction_schemes/prediction_scheme_decoder_factory.h(130): message : see reference to class template instantiation 'draco::MeshPredictionSchemeGeometricNormalDecoder<DataTypeT,TransformT,MeshDataT>' being compiled
          with
          [
              DataTypeT=int32_t,
              TransformT=draco::PredictionSchemeNormalOctahedronDecodingTransform<int32_t>,
              MeshDataT=MeshData
          ]
C:\Users\isarl\Documents\VOP\draco\src\draco/compression/attributes/prediction_schemes/prediction_scheme_decoder_factory.h(126): message : while compiling class template member function 'std::unique_ptr<draco::PredictionSchemeDecoder<int32_t,Transform>,std::default_delete<draco::PredictionSchemeDecoder<int32_t,Transform>>> draco::MeshPredictionSchemeDecoderFactory<DataTypeT>::DispatchFunctor<TransformT,MeshDataT,draco::PREDICTION_TRANSFORM_NORMAL_OCTAHEDRON>::operator ()(draco::PredictionSchemeMethod,const draco::PointAttribute *,const TransformT &,const MeshDataT &,uint16_t)'
          with
          [
              DataTypeT=int32_t,
              TransformT=draco::PredictionSchemeNormalOctahedronDecodingTransform<int32_t>,
              MeshDataT=MeshData
          ]
C:\Users\isarl\Documents\VOP\draco\src\draco/compression/attributes/prediction_schemes/prediction_scheme_decoder_factory.h(143): message : see reference to function template instantiation 'std::unique_ptr<draco::PredictionSchemeDecoder<int32_t,Transform>,std::default_delete<draco::PredictionSchemeDecoder<int32_t,Transform>>> draco::MeshPredictionSchemeDecoderFactory<DataTypeT>::DispatchFunctor<TransformT,MeshDataT,draco::PREDICTION_TRANSFORM_NORMAL_OCTAHEDRON>::operator ()(draco::PredictionSchemeMethod,const draco::PointAttribute *,const TransformT &,const MeshDataT &,uint16_t)' being compiled
          with
          [
              DataTypeT=int32_t,
              TransformT=draco::PredictionSchemeNormalOctahedronDecodingTransform<int32_t>,
              MeshDataT=MeshData
          ]
C:\Users\isarl\Documents\VOP\draco\src\draco/compression/attributes/prediction_schemes/prediction_scheme_decoder_factory.h(143): message : see reference to class template instantiation 'draco::MeshPredictionSchemeDecoderFactory<DataTypeT>::DispatchFunctor<TransformT,MeshDataT,draco::PREDICTION_TRANSFORM_NORMAL_OCTAHEDRON>' being compiled
          with
          [
              DataTypeT=int32_t,
              TransformT=draco::PredictionSchemeNormalOctahedronDecodingTransform<int32_t>,
              MeshDataT=MeshData
          ]
C:\Users\isarl\Documents\VOP\draco\src\draco/compression/attributes/prediction_schemes/prediction_scheme_factory.h(63): message : see reference to function template instantiation 'std::unique_ptr<draco::PredictionSchemeDecoder<int32_t,Transform>,std::default_delete<draco::PredictionSchemeDecoder<int32_t,Transform>>> draco::MeshPredictionSchemeDecoderFactory<DataTypeT>::operator ()<draco::PredictionSchemeNormalOctahedronDecodingTransform<DataTypeT>,MeshData>(draco::PredictionSchemeMethod,const draco::PointAttribute *,const TransformT &,const MeshDataT &,uint16_t)' being compiled
          with
          [
              DataTypeT=int32_t,
              TransformT=draco::PredictionSchemeNormalOctahedronDecodingTransform<int32_t>,
              MeshDataT=MeshData
          ]
C:\Users\isarl\Documents\VOP\draco\src\draco/compression/attributes/prediction_schemes/prediction_scheme_factory.h(63): message : see reference to function template instantiation 'std::unique_ptr<draco::PredictionSchemeDecoder<int32_t,Transform>,std::default_delete<draco::PredictionSchemeDecoder<int32_t,Transform>>> draco::MeshPredictionSchemeDecoderFactory<DataTypeT>::operator ()<draco::PredictionSchemeNormalOctahedronDecodingTransform<DataTypeT>,MeshData>(draco::PredictionSchemeMethod,const draco::PointAttribute *,const TransformT &,const MeshDataT &,uint16_t)' being compiled
          with
          [
              DataTypeT=int32_t,
              TransformT=draco::PredictionSchemeNormalOctahedronDecodingTransform<int32_t>,
              MeshDataT=MeshData
          ]
C:\Users\isarl\Documents\VOP\draco\src\draco/compression/attributes/prediction_schemes/prediction_scheme_decoder_factory.h(172): message : see reference to function template instantiation 'std::unique_ptr<draco::PredictionSchemeDecoder<int32_t,Transform>,std::default_delete<draco::PredictionSchemeDecoder<int32_t,Transform>>> draco::CreateMeshPredictionScheme<draco::MeshDecoder,draco::PredictionSchemeDecoder<int32_t,Transform>,draco::MeshPredictionSchemeDecoderFactory<DataTypeT>>(const EncodingDataSourceT *,draco::PredictionSchemeMethod,int,const draco::PredictionSchemeNormalOctahedronDecodingTransform<DataTypeT> &,uint16_t)' being compiled
          with
          [
              DataTypeT=int32_t,
              EncodingDataSourceT=draco::MeshDecoder
          ]
C:\Users\isarl\Documents\VOP\draco\src\draco/compression/attributes/prediction_schemes/prediction_scheme_decoder_factory.h(189): message : see reference to function template instantiation 'std::unique_ptr<draco::PredictionSchemeDecoder<int32_t,Transform>,std::default_delete<draco::PredictionSchemeDecoder<int32_t,Transform>>> draco::CreatePredictionSchemeForDecoder<DataTypeT,TransformT>(draco::PredictionSchemeMethod,int,const draco::PointCloudDecoder *,const TransformT &)' being compiled
          with
          [
              DataTypeT=int32_t,
              TransformT=Transform
          ]
C:\Users\isarl\Documents\VOP\draco\src\draco/compression/attributes/sequential_normal_attribute_decoder.h(61): message : see reference to function template instantiation 'std::unique_ptr<draco::PredictionSchemeDecoder<int32_t,Transform>,std::default_delete<draco::PredictionSchemeDecoder<int32_t,Transform>>> draco::CreatePredictionSchemeForDecoder<int32_t,Transform>(draco::PredictionSchemeMethod,int,const draco::PointCloudDecoder *)' being compiled
C:\Users\isarl\Documents\VOP\draco\src\draco/attributes/geometry_attribute.h(279,13): warning C4804: '<': unsafe use of type 'bool' in operation
C:\Users\isarl\Documents\VOP\draco\src\draco/attributes/geometry_attribute.h(189): message : see reference to function template instantiation 'bool draco::GeometryAttribute::ConvertTypedValue<bool,OutT>(draco::AttributeValueIndex,int8_t,OutT *) const' being compiled
          with
          [
              OutT=__int64
          ]
C:\Users\isarl\Documents\VOP\draco\src\draco/attributes/geometry_attribute.h(279,35): warning C4804: '>': unsafe use of type 'bool' in operation
  sequential_integer_attribute_decoder.cc
C:\Users\isarl\Documents\VOP\draco\src\draco/mesh/corner_table.h(284,1): warning C4267: 'argument': conversion from 'size_t' to 'ValueTypeT', possible loss of data
          with
          [
              ValueTypeT=uint32_t
          ]
C:\Users\isarl\Documents\VOP\draco\src\draco/compression/attributes/prediction_schemes/mesh_prediction_scheme_tex_coords_portable_predictor.h(114,35): warning C4244: '=': conversion from 'const __int64' to 'DataTypeT', possible loss of data
          with
          [
              DataTypeT=int32_t
          ]
C:\Users\isarl\Documents\VOP\draco\src\draco/compression/attributes/prediction_schemes/mesh_prediction_scheme_tex_coords_portable_decoder.h(103): message : see reference to function template instantiation 'bool draco::MeshPredictionSchemeTexCoordsPortablePredictor<DataTypeT,MeshDataT>::ComputePredictedValue<false>(draco::CornerIndex,const DataTypeT *,int)' being compiled
          with
          [
              DataTypeT=int32_t,
              MeshDataT=MeshData
          ]
C:\Users\isarl\Documents\VOP\draco\src\draco/compression/attributes/prediction_schemes/mesh_prediction_scheme_tex_coords_portable_decoder.h(102): message : see reference to function template instantiation 'bool draco::MeshPredictionSchemeTexCoordsPortablePredictor<DataTypeT,MeshDataT>::ComputePredictedValue<false>(draco::CornerIndex,const DataTypeT *,int)' being compiled
          with
          [
              DataTypeT=int32_t,
              MeshDataT=MeshData
          ]
C:\Users\isarl\Documents\VOP\draco\src\draco/compression/attributes/prediction_schemes/mesh_prediction_scheme_tex_coords_portable_decoder.h(90): message : while compiling class template member function 'bool draco::MeshPredictionSchemeTexCoordsPortableDecoder<DataTypeT,TransformT,MeshDataT>::ComputeOriginalValues(const int *,DataTypeT *,int,int,const draco::PointIndex *)'
          with
          [
              DataTypeT=int32_t,
              TransformT=draco::PredictionSchemeWrapDecodingTransform<int32_t,int32_t>,
              MeshDataT=MeshData
          ]
C:\Users\isarl\Documents\VOP\draco\src\draco/compression/attributes/prediction_schemes/prediction_scheme_decoder_factory.h(84): message : see reference to class template instantiation 'draco::MeshPredictionSchemeTexCoordsPortableDecoder<DataTypeT,TransformT,MeshDataT>' being compiled
          with
          [
              DataTypeT=int32_t,
              TransformT=draco::PredictionSchemeWrapDecodingTransform<int32_t,int32_t>,
              MeshDataT=MeshData
          ]
C:\Users\isarl\Documents\VOP\draco\src\draco/compression/attributes/prediction_schemes/prediction_scheme_decoder_factory.h(52): message : while compiling class template member function 'std::unique_ptr<draco::PredictionSchemeDecoder<int32_t,draco::PredictionSchemeWrapDecodingTransform<int32_t,DataTypeT>>,std::default_delete<draco::PredictionSchemeDecoder<DataTypeT,draco::PredictionSchemeWrapDecodingTransform<DataTypeT,DataTypeT>>>> draco::MeshPredictionSchemeDecoderFactory<DataTypeT>::DispatchFunctor<TransformT,MeshDataT,draco::PREDICTION_TRANSFORM_WRAP>::operator ()(draco::PredictionSchemeMethod,const draco::PointAttribute *,const TransformT &,const MeshDataT &,uint16_t)'
          with
          [
              DataTypeT=int32_t,
              TransformT=draco::PredictionSchemeWrapDecodingTransform<int32_t,int32_t>,
              MeshDataT=MeshData
          ]
C:\Users\isarl\Documents\VOP\draco\src\draco/compression/attributes/prediction_schemes/prediction_scheme_decoder_factory.h(143): message : see reference to function template instantiation 'std::unique_ptr<draco::PredictionSchemeDecoder<int32_t,draco::PredictionSchemeWrapDecodingTransform<int32_t,DataTypeT>>,std::default_delete<draco::PredictionSchemeDecoder<DataTypeT,draco::PredictionSchemeWrapDecodingTransform<DataTypeT,DataTypeT>>>> draco::MeshPredictionSchemeDecoderFactory<DataTypeT>::DispatchFunctor<TransformT,MeshDataT,draco::PREDICTION_TRANSFORM_WRAP>::operator ()(draco::PredictionSchemeMethod,const draco::PointAttribute *,const TransformT &,const MeshDataT &,uint16_t)' being compiled
          with
          [
              DataTypeT=int32_t,
              TransformT=draco::PredictionSchemeWrapDecodingTransform<int32_t,int32_t>,
              MeshDataT=MeshData
          ]
C:\Users\isarl\Documents\VOP\draco\src\draco/compression/attributes/prediction_schemes/prediction_scheme_decoder_factory.h(143): message : see reference to class template instantiation 'draco::MeshPredictionSchemeDecoderFactory<DataTypeT>::DispatchFunctor<TransformT,MeshDataT,draco::PREDICTION_TRANSFORM_WRAP>' being compiled
          with
          [
              DataTypeT=int32_t,
              TransformT=draco::PredictionSchemeWrapDecodingTransform<int32_t,int32_t>,
              MeshDataT=MeshData
          ]
C:\Users\isarl\Documents\VOP\draco\src\draco/compression/attributes/prediction_schemes/prediction_scheme_factory.h(74): message : see reference to function template instantiation 'std::unique_ptr<draco::PredictionSchemeDecoder<int32_t,draco::PredictionSchemeWrapDecodingTransform<int32_t,DataTypeT>>,std::default_delete<draco::PredictionSchemeDecoder<DataTypeT,draco::PredictionSchemeWrapDecodingTransform<DataTypeT,DataTypeT>>>> draco::MeshPredictionSchemeDecoderFactory<DataTypeT>::operator ()<draco::PredictionSchemeWrapDecodingTransform<DataTypeT,DataTypeT>,MeshData>(draco::PredictionSchemeMethod,const draco::PointAttribute *,const TransformT &,const MeshDataT &,uint16_t)' being compiled
          with
          [
              DataTypeT=int32_t,
              TransformT=draco::PredictionSchemeWrapDecodingTransform<int32_t,int32_t>,
              MeshDataT=MeshData
          ]
C:\Users\isarl\Documents\VOP\draco\src\draco/compression/attributes/prediction_schemes/prediction_scheme_factory.h(74): message : see reference to function template instantiation 'std::unique_ptr<draco::PredictionSchemeDecoder<int32_t,draco::PredictionSchemeWrapDecodingTransform<int32_t,DataTypeT>>,std::default_delete<draco::PredictionSchemeDecoder<DataTypeT,draco::PredictionSchemeWrapDecodingTransform<DataTypeT,DataTypeT>>>> draco::MeshPredictionSchemeDecoderFactory<DataTypeT>::operator ()<draco::PredictionSchemeWrapDecodingTransform<DataTypeT,DataTypeT>,MeshData>(draco::PredictionSchemeMethod,const draco::PointAttribute *,const TransformT &,const MeshDataT &,uint16_t)' being compiled
          with
          [
              DataTypeT=int32_t,
              TransformT=draco::PredictionSchemeWrapDecodingTransform<int32_t,int32_t>,
              MeshDataT=MeshData
          ]
C:\Users\isarl\Documents\VOP\draco\src\draco/compression/attributes/prediction_schemes/prediction_scheme_decoder_factory.h(172): message : see reference to function template instantiation 'std::unique_ptr<draco::PredictionSchemeDecoder<int32_t,draco::PredictionSchemeWrapDecodingTransform<int32_t,DataTypeT>>,std::default_delete<draco::PredictionSchemeDecoder<DataTypeT,draco::PredictionSchemeWrapDecodingTransform<DataTypeT,DataTypeT>>>> draco::CreateMeshPredictionScheme<draco::MeshDecoder,draco::PredictionSchemeDecoder<DataTypeT,draco::PredictionSchemeWrapDecodingTransform<DataTypeT,DataTypeT>>,draco::MeshPredictionSchemeDecoderFactory<DataTypeT>>(const EncodingDataSourceT *,draco::PredictionSchemeMethod,int,const draco::PredictionSchemeWrapDecodingTransform<DataTypeT,DataTypeT> &,uint16_t)' being compiled
          with
          [
              DataTypeT=int32_t,
              EncodingDataSourceT=draco::MeshDecoder
          ]
C:\Users\isarl\Documents\VOP\draco\src\draco/compression/attributes/prediction_schemes/prediction_scheme_decoder_factory.h(189): message : see reference to function template instantiation 'std::unique_ptr<draco::PredictionSchemeDecoder<int32_t,draco::PredictionSchemeWrapDecodingTransform<int32_t,DataTypeT>>,std::default_delete<draco::PredictionSchemeDecoder<DataTypeT,draco::PredictionSchemeWrapDecodingTransform<DataTypeT,DataTypeT>>>> draco::CreatePredictionSchemeForDecoder<DataTypeT,TransformT>(draco::PredictionSchemeMethod,int,const draco::PointCloudDecoder *,const TransformT &)' being compiled
          with
          [
              DataTypeT=int32_t,
              TransformT=draco::PredictionSchemeWrapDecodingTransform<int32_t,int32_t>
          ]
C:\Users\isarl\Documents\VOP\draco\src\draco\compression\attributes\sequential_integer_attribute_decoder.cc(98): message : see reference to function template instantiation 'std::unique_ptr<draco::PredictionSchemeDecoder<int32_t,draco::PredictionSchemeWrapDecodingTransform<int32_t,DataTypeT>>,std::default_delete<draco::PredictionSchemeDecoder<DataTypeT,draco::PredictionSchemeWrapDecodingTransform<DataTypeT,DataTypeT>>>> draco::CreatePredictionSchemeForDecoder<int32_t,draco::PredictionSchemeWrapDecodingTransform<DataTypeT,DataTypeT>>(draco::PredictionSchemeMethod,int,const draco::PointCloudDecoder *)' being compiled
          with
          [
              DataTypeT=int32_t
          ]
C:\Users\isarl\Documents\VOP\draco\src\draco/compression/attributes/prediction_schemes/mesh_prediction_scheme_tex_coords_portable_predictor.h(115,35): warning C4244: '=': conversion from 'const __int64' to 'DataTypeT', possible loss of data
          with
          [
              DataTypeT=int32_t
          ]
C:\Users\isarl\Documents\VOP\draco\src\draco/compression/attributes/normal_compression_utils.h(184,80): warning C4244: '=': conversion from 'int64_t' to 'T', possible loss of data
          with
          [
              T=int
          ]
C:\Users\isarl\Documents\VOP\draco\src\draco/compression/attributes/prediction_schemes/mesh_prediction_scheme_geometric_normal_decoder.h(122): message : see reference to function template instantiation 'void draco::OctahedronToolBox::CanonicalizeIntegerVector<int>(T *) const' being compiled
          with
          [
              T=int
          ]
C:\Users\isarl\Documents\VOP\draco\src\draco/compression/attributes/prediction_schemes/mesh_prediction_scheme_geometric_normal_decoder.h(102): message : while compiling class template member function 'bool draco::MeshPredictionSchemeGeometricNormalDecoder<DataTypeT,TransformT,MeshDataT>::ComputeOriginalValues(const int *,DataTypeT *,int,int,const draco::PointIndex *)'
          with
          [
              DataTypeT=int32_t,
              TransformT=draco::PredictionSchemeWrapDecodingTransform<int32_t,int32_t>,
              MeshDataT=MeshData
          ]
C:\Users\isarl\Documents\VOP\draco\src\draco/compression/attributes/prediction_schemes/prediction_scheme_decoder_factory.h(91): message : see reference to class template instantiation 'draco::MeshPredictionSchemeGeometricNormalDecoder<DataTypeT,TransformT,MeshDataT>' being compiled
          with
          [
              DataTypeT=int32_t,
              TransformT=draco::PredictionSchemeWrapDecodingTransform<int32_t,int32_t>,
              MeshDataT=MeshData
          ]
C:\Users\isarl\Documents\VOP\draco\src\draco/compression/attributes/normal_compression_utils.h(187,80): warning C4244: '=': conversion from 'int64_t' to 'T', possible loss of data
          with
          [
              T=int
          ]
C:\Users\isarl\Documents\VOP\draco\src\draco/attributes/geometry_attribute.h(279,44): warning C4018: '>': signed/unsigned mismatch
C:\Users\isarl\Documents\VOP\draco\src\draco/attributes/geometry_attribute.h(180): message : see reference to function template instantiation 'bool draco::GeometryAttribute::ConvertTypedValue<uint64_t,OutT>(draco::AttributeValueIndex,int8_t,OutT *) const' being compiled
          with
          [
              OutT=__int64
          ]
C:\Users\isarl\Documents\VOP\draco\src\draco/attributes/geometry_attribute.h(203): message : see reference to function template instantiation 'bool draco::GeometryAttribute::ConvertValue<OutT>(draco::AttributeValueIndex,int8_t,OutT *) const' being compiled
          with
          [
              OutT=__int64
          ]
C:\Users\isarl\Documents\VOP\draco\src\draco/compression/attributes/prediction_schemes/mesh_prediction_scheme_geometric_normal_predictor_base.h(68): message : see reference to function template instantiation 'bool draco::GeometryAttribute::ConvertValue<__int64>(draco::AttributeValueIndex,OutT *) const' being compiled
          with
          [
              OutT=__int64
          ]
C:\Users\isarl\Documents\VOP\draco\src\draco/compression/attributes/prediction_schemes/mesh_prediction_scheme_geometric_normal_predictor_base.h(63): message : while compiling class template member function 'draco::VectorD<int64_t,3> draco::MeshPredictionSchemeGeometricNormalPredictorBase<DataTypeT,TransformT,MeshDataT>::GetPositionForDataId(int) const'
          with
          [
              DataTypeT=int32_t,
              TransformT=draco::PredictionSchemeWrapDecodingTransform<int32_t,int32_t>,
              MeshDataT=MeshData
          ]
C:\Users\isarl\Documents\VOP\draco\src\draco/compression/attributes/prediction_schemes/mesh_prediction_scheme_geometric_normal_predictor_base.h(76): message : see reference to function template instantiation 'draco::VectorD<int64_t,3> draco::MeshPredictionSchemeGeometricNormalPredictorBase<DataTypeT,TransformT,MeshDataT>::GetPositionForDataId(int) const' being compiled
          with
          [
              DataTypeT=int32_t,
              TransformT=draco::PredictionSchemeWrapDecodingTransform<int32_t,int32_t>,
              MeshDataT=MeshData
          ]
C:\Users\isarl\Documents\VOP\draco\src\draco/compression/attributes/prediction_schemes/mesh_prediction_scheme_geometric_normal_predictor_area.h(27): message : see reference to class template instantiation 'draco::MeshPredictionSchemeGeometricNormalPredictorBase<DataTypeT,TransformT,MeshDataT>' being compiled
          with
          [
              DataTypeT=int32_t,
              TransformT=draco::PredictionSchemeWrapDecodingTransform<int32_t,int32_t>,
              MeshDataT=MeshData
          ]
C:\Users\isarl\Documents\VOP\draco\src\draco/compression/attributes/prediction_schemes/mesh_prediction_scheme_geometric_normal_decoder.h(91): message : see reference to class template instantiation 'draco::MeshPredictionSchemeGeometricNormalPredictorArea<DataTypeT,TransformT,MeshDataT>' being compiled
          with
          [
              DataTypeT=int32_t,
              TransformT=draco::PredictionSchemeWrapDecodingTransform<int32_t,int32_t>,
              MeshDataT=MeshData
          ]
C:\Users\isarl\Documents\VOP\draco\src\draco/compression/attributes/prediction_schemes/prediction_scheme_decoder_factory.h(91): message : see reference to class template instantiation 'draco::MeshPredictionSchemeGeometricNormalDecoder<DataTypeT,TransformT,MeshDataT>' being compiled
          with
          [
              DataTypeT=int32_t,
              TransformT=draco::PredictionSchemeWrapDecodingTransform<int32_t,int32_t>,
              MeshDataT=MeshData
          ]
C:\Users\isarl\Documents\VOP\draco\src\draco/attributes/geometry_attribute.h(279,13): warning C4804: '<': unsafe use of type 'bool' in operation
C:\Users\isarl\Documents\VOP\draco\src\draco/attributes/geometry_attribute.h(189): message : see reference to function template instantiation 'bool draco::GeometryAttribute::ConvertTypedValue<bool,OutT>(draco::AttributeValueIndex,int8_t,OutT *) const' being compiled
          with
          [
              OutT=__int64
          ]
C:\Users\isarl\Documents\VOP\draco\src\draco/attributes/geometry_attribute.h(279,35): warning C4804: '>': unsafe use of type 'bool' in operation
  sequential_normal_attribute_decoder.cc
C:\Users\isarl\Documents\VOP\draco\src\draco/mesh/corner_table.h(284,1): warning C4267: 'argument': conversion from 'size_t' to 'ValueTypeT', possible loss of data
          with
          [
              ValueTypeT=uint32_t
          ]
C:\Users\isarl\Documents\VOP\draco\src\draco/compression/attributes/normal_compression_utils.h(184,80): warning C4244: '=': conversion from 'int64_t' to 'T', possible loss of data
          with
          [
              T=int
          ]
C:\Users\isarl\Documents\VOP\draco\src\draco/compression/attributes/prediction_schemes/mesh_prediction_scheme_geometric_normal_decoder.h(122): message : see reference to function template instantiation 'void draco::OctahedronToolBox::CanonicalizeIntegerVector<int>(T *) const' being compiled
          with
          [
              T=int
          ]
C:\Users\isarl\Documents\VOP\draco\src\draco/compression/attributes/prediction_schemes/mesh_prediction_scheme_geometric_normal_decoder.h(102): message : while compiling class template member function 'bool draco::MeshPredictionSchemeGeometricNormalDecoder<DataTypeT,TransformT,MeshDataT>::ComputeOriginalValues(const int *,DataTypeT *,int,int,const draco::PointIndex *)'
          with
          [
              DataTypeT=int32_t,
              TransformT=draco::PredictionSchemeNormalOctahedronCanonicalizedDecodingTransform<int32_t>,
              MeshDataT=MeshData
          ]
C:\Users\isarl\Documents\VOP\draco\src\draco/compression/attributes/prediction_schemes/prediction_scheme_decoder_factory.h(114): message : see reference to class template instantiation 'draco::MeshPredictionSchemeGeometricNormalDecoder<DataTypeT,TransformT,MeshDataT>' being compiled
          with
          [
              DataTypeT=int32_t,
              TransformT=draco::PredictionSchemeNormalOctahedronCanonicalizedDecodingTransform<int32_t>,
              MeshDataT=MeshData
          ]
C:\Users\isarl\Documents\VOP\draco\src\draco/compression/attributes/prediction_schemes/prediction_scheme_decoder_factory.h(110): message : while compiling class template member function 'std::unique_ptr<draco::PredictionSchemeDecoder<int32_t,Transform>,std::default_delete<draco::PredictionSchemeDecoder<int32_t,Transform>>> draco::MeshPredictionSchemeDecoderFactory<DataTypeT>::DispatchFunctor<TransformT,MeshDataT,draco::PREDICTION_TRANSFORM_NORMAL_OCTAHEDRON_CANONICALIZED>::operator ()(draco::PredictionSchemeMethod,const draco::PointAttribute *,const TransformT &,const MeshDataT &,uint16_t)'
          with
          [
              DataTypeT=int32_t,
              TransformT=draco::PredictionSchemeNormalOctahedronCanonicalizedDecodingTransform<int32_t>,
              MeshDataT=MeshData
          ]
C:\Users\isarl\Documents\VOP\draco\src\draco/compression/attributes/prediction_schemes/prediction_scheme_decoder_factory.h(143): message : see reference to function template instantiation 'std::unique_ptr<draco::PredictionSchemeDecoder<int32_t,Transform>,std::default_delete<draco::PredictionSchemeDecoder<int32_t,Transform>>> draco::MeshPredictionSchemeDecoderFactory<DataTypeT>::DispatchFunctor<TransformT,MeshDataT,draco::PREDICTION_TRANSFORM_NORMAL_OCTAHEDRON_CANONICALIZED>::operator ()(draco::PredictionSchemeMethod,const draco::PointAttribute *,const TransformT &,const MeshDataT &,uint16_t)' being compiled
          with
          [
              DataTypeT=int32_t,
              TransformT=draco::PredictionSchemeNormalOctahedronCanonicalizedDecodingTransform<int32_t>,
              MeshDataT=MeshData
          ]
C:\Users\isarl\Documents\VOP\draco\src\draco/compression/attributes/prediction_schemes/prediction_scheme_decoder_factory.h(143): message : see reference to class template instantiation 'draco::MeshPredictionSchemeDecoderFactory<DataTypeT>::DispatchFunctor<TransformT,MeshDataT,draco::PREDICTION_TRANSFORM_NORMAL_OCTAHEDRON_CANONICALIZED>' being compiled
          with
          [
              DataTypeT=int32_t,
              TransformT=draco::PredictionSchemeNormalOctahedronCanonicalizedDecodingTransform<int32_t>,
              MeshDataT=MeshData
          ]
C:\Users\isarl\Documents\VOP\draco\src\draco/compression/attributes/prediction_schemes/prediction_scheme_factory.h(74): message : see reference to function template instantiation 'std::unique_ptr<draco::PredictionSchemeDecoder<int32_t,Transform>,std::default_delete<draco::PredictionSchemeDecoder<int32_t,Transform>>> draco::MeshPredictionSchemeDecoderFactory<DataTypeT>::operator ()<draco::PredictionSchemeNormalOctahedronCanonicalizedDecodingTransform<DataTypeT>,MeshData>(draco::PredictionSchemeMethod,const draco::PointAttribute *,const TransformT &,const MeshDataT &,uint16_t)' being compiled
          with
          [
              DataTypeT=int32_t,
              TransformT=draco::PredictionSchemeNormalOctahedronCanonicalizedDecodingTransform<int32_t>,
              MeshDataT=MeshData
          ]
C:\Users\isarl\Documents\VOP\draco\src\draco/compression/attributes/prediction_schemes/prediction_scheme_factory.h(74): message : see reference to function template instantiation 'std::unique_ptr<draco::PredictionSchemeDecoder<int32_t,Transform>,std::default_delete<draco::PredictionSchemeDecoder<int32_t,Transform>>> draco::MeshPredictionSchemeDecoderFactory<DataTypeT>::operator ()<draco::PredictionSchemeNormalOctahedronCanonicalizedDecodingTransform<DataTypeT>,MeshData>(draco::PredictionSchemeMethod,const draco::PointAttribute *,const TransformT &,const MeshDataT &,uint16_t)' being compiled
          with
          [
              DataTypeT=int32_t,
              TransformT=draco::PredictionSchemeNormalOctahedronCanonicalizedDecodingTransform<int32_t>,
              MeshDataT=MeshData
          ]
C:\Users\isarl\Documents\VOP\draco\src\draco/compression/attributes/prediction_schemes/prediction_scheme_decoder_factory.h(172): message : see reference to function template instantiation 'std::unique_ptr<draco::PredictionSchemeDecoder<int32_t,Transform>,std::default_delete<draco::PredictionSchemeDecoder<int32_t,Transform>>> draco::CreateMeshPredictionScheme<draco::MeshDecoder,draco::PredictionSchemeDecoder<int32_t,Transform>,draco::MeshPredictionSchemeDecoderFactory<DataTypeT>>(const EncodingDataSourceT *,draco::PredictionSchemeMethod,int,const draco::PredictionSchemeNormalOctahedronCanonicalizedDecodingTransform<DataTypeT> &,uint16_t)' being compiled
          with
          [
              DataTypeT=int32_t,
              EncodingDataSourceT=draco::MeshDecoder
          ]
C:\Users\isarl\Documents\VOP\draco\src\draco/compression/attributes/prediction_schemes/prediction_scheme_decoder_factory.h(189): message : see reference to function template instantiation 'std::unique_ptr<draco::PredictionSchemeDecoder<int32_t,Transform>,std::default_delete<draco::PredictionSchemeDecoder<int32_t,Transform>>> draco::CreatePredictionSchemeForDecoder<DataTypeT,TransformT>(draco::PredictionSchemeMethod,int,const draco::PointCloudDecoder *,const TransformT &)' being compiled
          with
          [
              DataTypeT=int32_t,
              TransformT=Transform
          ]
C:\Users\isarl\Documents\VOP\draco\src\draco/compression/attributes/sequential_normal_attribute_decoder.h(72): message : see reference to function template instantiation 'std::unique_ptr<draco::PredictionSchemeDecoder<int32_t,Transform>,std::default_delete<draco::PredictionSchemeDecoder<int32_t,Transform>>> draco::CreatePredictionSchemeForDecoder<int32_t,Transform>(draco::PredictionSchemeMethod,int,const draco::PointCloudDecoder *)' being compiled
C:\Users\isarl\Documents\VOP\draco\src\draco/compression/attributes/normal_compression_utils.h(187,80): warning C4244: '=': conversion from 'int64_t' to 'T', possible loss of data
          with
          [
              T=int
          ]
C:\Users\isarl\Documents\VOP\draco\src\draco/attributes/geometry_attribute.h(279,44): warning C4018: '>': signed/unsigned mismatch
C:\Users\isarl\Documents\VOP\draco\src\draco/attributes/geometry_attribute.h(180): message : see reference to function template instantiation 'bool draco::GeometryAttribute::ConvertTypedValue<uint64_t,OutT>(draco::AttributeValueIndex,int8_t,OutT *) const' being compiled
          with
          [
              OutT=__int64
          ]
C:\Users\isarl\Documents\VOP\draco\src\draco/attributes/geometry_attribute.h(203): message : see reference to function template instantiation 'bool draco::GeometryAttribute::ConvertValue<OutT>(draco::AttributeValueIndex,int8_t,OutT *) const' being compiled
          with
          [
              OutT=__int64
          ]
C:\Users\isarl\Documents\VOP\draco\src\draco/compression/attributes/prediction_schemes/mesh_prediction_scheme_geometric_normal_predictor_base.h(68): message : see reference to function template instantiation 'bool draco::GeometryAttribute::ConvertValue<__int64>(draco::AttributeValueIndex,OutT *) const' being compiled
          with
          [
              OutT=__int64
          ]
C:\Users\isarl\Documents\VOP\draco\src\draco/compression/attributes/prediction_schemes/mesh_prediction_scheme_geometric_normal_predictor_base.h(63): message : while compiling class template member function 'draco::VectorD<int64_t,3> draco::MeshPredictionSchemeGeometricNormalPredictorBase<DataTypeT,TransformT,MeshDataT>::GetPositionForDataId(int) const'
          with
          [
              DataTypeT=int32_t,
              TransformT=draco::PredictionSchemeNormalOctahedronDecodingTransform<int32_t>,
              MeshDataT=MeshData
          ]
C:\Users\isarl\Documents\VOP\draco\src\draco/compression/attributes/prediction_schemes/mesh_prediction_scheme_geometric_normal_predictor_base.h(76): message : see reference to function template instantiation 'draco::VectorD<int64_t,3> draco::MeshPredictionSchemeGeometricNormalPredictorBase<DataTypeT,TransformT,MeshDataT>::GetPositionForDataId(int) const' being compiled
          with
          [
              DataTypeT=int32_t,
              TransformT=draco::PredictionSchemeNormalOctahedronDecodingTransform<int32_t>,
              MeshDataT=MeshData
          ]
C:\Users\isarl\Documents\VOP\draco\src\draco/compression/attributes/prediction_schemes/mesh_prediction_scheme_geometric_normal_predictor_area.h(27): message : see reference to class template instantiation 'draco::MeshPredictionSchemeGeometricNormalPredictorBase<DataTypeT,TransformT,MeshDataT>' being compiled
          with
          [
              DataTypeT=int32_t,
              TransformT=draco::PredictionSchemeNormalOctahedronDecodingTransform<int32_t>,
              MeshDataT=MeshData
          ]
C:\Users\isarl\Documents\VOP\draco\src\draco/compression/attributes/prediction_schemes/mesh_prediction_scheme_geometric_normal_decoder.h(91): message : see reference to class template instantiation 'draco::MeshPredictionSchemeGeometricNormalPredictorArea<DataTypeT,TransformT,MeshDataT>' being compiled
          with
          [
              DataTypeT=int32_t,
              TransformT=draco::PredictionSchemeNormalOctahedronDecodingTransform<int32_t>,
              MeshDataT=MeshData
          ]
C:\Users\isarl\Documents\VOP\draco\src\draco/compression/attributes/prediction_schemes/prediction_scheme_decoder_factory.h(130): message : see reference to class template instantiation 'draco::MeshPredictionSchemeGeometricNormalDecoder<DataTypeT,TransformT,MeshDataT>' being compiled
          with
          [
              DataTypeT=int32_t,
              TransformT=draco::PredictionSchemeNormalOctahedronDecodingTransform<int32_t>,
              MeshDataT=MeshData
          ]
C:\Users\isarl\Documents\VOP\draco\src\draco/compression/attributes/prediction_schemes/prediction_scheme_decoder_factory.h(126): message : while compiling class template member function 'std::unique_ptr<draco::PredictionSchemeDecoder<int32_t,Transform>,std::default_delete<draco::PredictionSchemeDecoder<int32_t,Transform>>> draco::MeshPredictionSchemeDecoderFactory<DataTypeT>::DispatchFunctor<TransformT,MeshDataT,draco::PREDICTION_TRANSFORM_NORMAL_OCTAHEDRON>::operator ()(draco::PredictionSchemeMethod,const draco::PointAttribute *,const TransformT &,const MeshDataT &,uint16_t)'
          with
          [
              DataTypeT=int32_t,
              TransformT=draco::PredictionSchemeNormalOctahedronDecodingTransform<int32_t>,
              MeshDataT=MeshData
          ]
C:\Users\isarl\Documents\VOP\draco\src\draco/compression/attributes/prediction_schemes/prediction_scheme_decoder_factory.h(143): message : see reference to function template instantiation 'std::unique_ptr<draco::PredictionSchemeDecoder<int32_t,Transform>,std::default_delete<draco::PredictionSchemeDecoder<int32_t,Transform>>> draco::MeshPredictionSchemeDecoderFactory<DataTypeT>::DispatchFunctor<TransformT,MeshDataT,draco::PREDICTION_TRANSFORM_NORMAL_OCTAHEDRON>::operator ()(draco::PredictionSchemeMethod,const draco::PointAttribute *,const TransformT &,const MeshDataT &,uint16_t)' being compiled
          with
          [
              DataTypeT=int32_t,
              TransformT=draco::PredictionSchemeNormalOctahedronDecodingTransform<int32_t>,
              MeshDataT=MeshData
          ]
C:\Users\isarl\Documents\VOP\draco\src\draco/compression/attributes/prediction_schemes/prediction_scheme_decoder_factory.h(143): message : see reference to class template instantiation 'draco::MeshPredictionSchemeDecoderFactory<DataTypeT>::DispatchFunctor<TransformT,MeshDataT,draco::PREDICTION_TRANSFORM_NORMAL_OCTAHEDRON>' being compiled
          with
          [
              DataTypeT=int32_t,
              TransformT=draco::PredictionSchemeNormalOctahedronDecodingTransform<int32_t>,
              MeshDataT=MeshData
          ]
C:\Users\isarl\Documents\VOP\draco\src\draco/compression/attributes/prediction_schemes/prediction_scheme_factory.h(63): message : see reference to function template instantiation 'std::unique_ptr<draco::PredictionSchemeDecoder<int32_t,Transform>,std::default_delete<draco::PredictionSchemeDecoder<int32_t,Transform>>> draco::MeshPredictionSchemeDecoderFactory<DataTypeT>::operator ()<draco::PredictionSchemeNormalOctahedronDecodingTransform<DataTypeT>,MeshData>(draco::PredictionSchemeMethod,const draco::PointAttribute *,const TransformT &,const MeshDataT &,uint16_t)' being compiled
          with
          [
              DataTypeT=int32_t,
              TransformT=draco::PredictionSchemeNormalOctahedronDecodingTransform<int32_t>,
              MeshDataT=MeshData
          ]
C:\Users\isarl\Documents\VOP\draco\src\draco/compression/attributes/prediction_schemes/prediction_scheme_factory.h(63): message : see reference to function template instantiation 'std::unique_ptr<draco::PredictionSchemeDecoder<int32_t,Transform>,std::default_delete<draco::PredictionSchemeDecoder<int32_t,Transform>>> draco::MeshPredictionSchemeDecoderFactory<DataTypeT>::operator ()<draco::PredictionSchemeNormalOctahedronDecodingTransform<DataTypeT>,MeshData>(draco::PredictionSchemeMethod,const draco::PointAttribute *,const TransformT &,const MeshDataT &,uint16_t)' being compiled
          with
          [
              DataTypeT=int32_t,
              TransformT=draco::PredictionSchemeNormalOctahedronDecodingTransform<int32_t>,
              MeshDataT=MeshData
          ]
C:\Users\isarl\Documents\VOP\draco\src\draco/compression/attributes/prediction_schemes/prediction_scheme_decoder_factory.h(172): message : see reference to function template instantiation 'std::unique_ptr<draco::PredictionSchemeDecoder<int32_t,Transform>,std::default_delete<draco::PredictionSchemeDecoder<int32_t,Transform>>> draco::CreateMeshPredictionScheme<draco::MeshDecoder,draco::PredictionSchemeDecoder<int32_t,Transform>,draco::MeshPredictionSchemeDecoderFactory<DataTypeT>>(const EncodingDataSourceT *,draco::PredictionSchemeMethod,int,const draco::PredictionSchemeNormalOctahedronDecodingTransform<DataTypeT> &,uint16_t)' being compiled
          with
          [
              DataTypeT=int32_t,
              EncodingDataSourceT=draco::MeshDecoder
          ]
C:\Users\isarl\Documents\VOP\draco\src\draco/compression/attributes/prediction_schemes/prediction_scheme_decoder_factory.h(189): message : see reference to function template instantiation 'std::unique_ptr<draco::PredictionSchemeDecoder<int32_t,Transform>,std::default_delete<draco::PredictionSchemeDecoder<int32_t,Transform>>> draco::CreatePredictionSchemeForDecoder<DataTypeT,TransformT>(draco::PredictionSchemeMethod,int,const draco::PointCloudDecoder *,const TransformT &)' being compiled
          with
          [
              DataTypeT=int32_t,
              TransformT=Transform
          ]
C:\Users\isarl\Documents\VOP\draco\src\draco/compression/attributes/sequential_normal_attribute_decoder.h(61): message : see reference to function template instantiation 'std::unique_ptr<draco::PredictionSchemeDecoder<int32_t,Transform>,std::default_delete<draco::PredictionSchemeDecoder<int32_t,Transform>>> draco::CreatePredictionSchemeForDecoder<int32_t,Transform>(draco::PredictionSchemeMethod,int,const draco::PointCloudDecoder *)' being compiled
C:\Users\isarl\Documents\VOP\draco\src\draco/attributes/geometry_attribute.h(279,13): warning C4804: '<': unsafe use of type 'bool' in operation
C:\Users\isarl\Documents\VOP\draco\src\draco/attributes/geometry_attribute.h(189): message : see reference to function template instantiation 'bool draco::GeometryAttribute::ConvertTypedValue<bool,OutT>(draco::AttributeValueIndex,int8_t,OutT *) const' being compiled
          with
          [
              OutT=__int64
          ]
C:\Users\isarl\Documents\VOP\draco\src\draco/attributes/geometry_attribute.h(279,35): warning C4804: '>': unsafe use of type 'bool' in operation
  sequential_quantization_attribute_decoder.cc
  Generating Code...
  draco_compression_attributes_dec.vcxproj -> C:\Users\isarl\Documents\VOP\draco\build_dir\draco_compression_attributes_dec.dir\Debug\draco_compression_attributes_dec.lib
