  c++project.cpp
C:\Users\isarl\Documents\VOP\c++project\vcpkg\installed\x86-windows\include\pcl\kdtree\flann.h(43,1): warning C4081: expected 'identifier'; found 'string'
C:\Users\isarl\Documents\VOP\c++project\vcpkg\installed\x86-windows\include\flann\util\serialization.h(484,19): warning C4996: 'fopen': This function or variable may be unsafe. Consider using fopen_s instead. To disable deprecation, use _CRT_SECURE_NO_WARNINGS. See online help for details.
C:\Users\isarl\Documents\VOP\c++project\vcpkg\installed\x86-windows\include\flann\util\serialization.h(751,19): warning C4996: 'fopen': This function or variable may be unsafe. Consider using fopen_s instead. To disable deprecation, use _CRT_SECURE_NO_WARNINGS. See online help for details.
C:\Users\isarl\Documents\VOP\c++project\vcpkg\installed\x86-windows\include\flann\util\saving.h(58,9): warning C4996: 'strcpy': This function or variable may be unsafe. Consider using strcpy_s instead. To disable deprecation, use _CRT_SECURE_NO_WARNINGS. See online help for details.
C:\Users\isarl\Documents\VOP\c++project\vcpkg\installed\x86-windows\include\flann\util\saving.h(60,9): warning C4996: 'strcpy': This function or variable may be unsafe. Consider using strcpy_s instead. To disable deprecation, use _CRT_SECURE_NO_WARNINGS. See online help for details.
C:\Users\isarl\Documents\VOP\c++project\vcpkg\installed\x86-windows\include\flann\util\logger.h(66,22): warning C4996: 'fopen': This function or variable may be unsafe. Consider using fopen_s instead. To disable deprecation, use _CRT_SECURE_NO_WARNINGS. See online help for details.
C:\Users\isarl\Documents\VOP\c++project\c++project\c++project.cpp(213,10): warning C4215: nonstandard extension used: long float
C:\Users\isarl\Documents\VOP\c++project\c++project\c++project.cpp(214,10): warning C4215: nonstandard extension used: long float
C:\Users\isarl\Documents\VOP\c++project\c++project\c++project.cpp(215,10): warning C4215: nonstandard extension used: long float
C:\Users\isarl\Documents\VOP\c++project\c++project\c++project.cpp(216,10): warning C4215: nonstandard extension used: long float
C:\Users\isarl\Documents\VOP\c++project\c++project\c++project.cpp(229,10): warning C4215: nonstandard extension used: long float
C:\Users\isarl\Documents\VOP\c++project\c++project\c++project.cpp(238,10): warning C4215: nonstandard extension used: long float
C:\Users\isarl\Documents\VOP\c++project\c++project\c++project.cpp(240,10): warning C4215: nonstandard extension used: long float
C:\Users\isarl\Documents\VOP\c++project\vcpkg\installed\x86-windows\include\Eigen\src\Core\util\Meta.h(358,2): warning C4996: 'std::not_equal_to<double>::result_type': warning STL4007: Many result_type typedefs and all argument_type, first_argument_type, and second_argument_type typedefs are deprecated in C++17. You can define _SILENCE_CXX17_ADAPTOR_TYPEDEFS_DEPRECATION_WARNING or _SILENCE_ALL_CXX17_DEPRECATION_WARNINGS to acknowledge that you have received this warning.
C:\Users\isarl\Documents\VOP\c++project\vcpkg\installed\x86-windows\include\Eigen\src\Core\util\Meta.h(374): message : see reference to class template instantiation 'Eigen::internal::binary_result_of_select<Func,ArgType0,ArgType1,8>' being compiled
          with
          [
              Func=std::not_equal_to<double>,
              ArgType0=const double &,
              ArgType1=const double &
          ]
C:\Users\isarl\Documents\VOP\c++project\vcpkg\installed\x86-windows\include\Eigen\src\Core\CwiseBinaryOp.h(38): message : see reference to class template instantiation 'Eigen::internal::result_of<BinaryOp (const double &,const double &)>' being compiled
          with
          [
              BinaryOp=std::not_equal_to<double>
          ]
C:\Users\isarl\Documents\VOP\c++project\vcpkg\installed\x86-windows\include\Eigen\src\Core\CwiseBinaryOp.h(149): message : see reference to class template instantiation 'Eigen::internal::traits<Derived>' being compiled
          with
          [
              Derived=Eigen::CwiseBinaryOp<std::not_equal_to<double>,const Eigen::Block<const Eigen::Matrix<double,-1,1,0,-1,1>,3,1,false>,const Eigen::Block<const Eigen::Matrix<double,-1,1,0,-1,1>,3,1,false>>
          ]
C:\Users\isarl\Documents\VOP\c++project\vcpkg\installed\x86-windows\include\Eigen\src\Core\CwiseBinaryOp.h(82): message : see reference to class template instantiation 'Eigen::CwiseBinaryOpImpl<BinaryOp,LhsType,RhsType,Eigen::internal::cwise_promote_storage_type<Eigen::Dense,Eigen::Dense,BinaryOp>::ret>' being compiled
          with
          [
              BinaryOp=std::not_equal_to<double>,
              LhsType=Eigen::Block<const Eigen::Matrix<double,-1,1,0,-1,1>,3,1,false>,
              RhsType=Eigen::Block<const Eigen::Matrix<double,-1,1,0,-1,1>,3,1,false>
          ]
C:\Users\isarl\Documents\VOP\c++project\vcpkg\installed\x86-windows\include\Eigen\src\Core\MatrixBase.h(297): message : see reference to class template instantiation 'Eigen::CwiseBinaryOp<std::not_equal_to<double>,const Derived,const Derived>' being compiled
          with
          [
              Derived=Eigen::Block<const Eigen::Matrix<double,-1,1,0,-1,1>,3,1,false>
          ]
C:\Users\isarl\Documents\VOP\c++project\vcpkg\installed\x86-windows\include\pcl\common\impl\eigen.hpp(799): message : see reference to function template instantiation 'bool Eigen::MatrixBase<Derived>::operator !=<Derived>(const Eigen::MatrixBase<Derived> &) const' being compiled
          with
          [
              Derived=Eigen::Block<const Eigen::Matrix<double,-1,1,0,-1,1>,3,1,false>
          ]
C:\Users\isarl\Documents\VOP\c++project\vcpkg\installed\x86-windows\include\pcl\common\impl\eigen.hpp(799): message : see reference to function template instantiation 'bool Eigen::MatrixBase<Derived>::operator !=<Derived>(const Eigen::MatrixBase<Derived> &) const' being compiled
          with
          [
              Derived=Eigen::Block<const Eigen::Matrix<double,-1,1,0,-1,1>,3,1,false>
          ]
C:\Users\isarl\Documents\VOP\c++project\vcpkg\installed\x86-windows\include\pcl\common\eigen.h(607): message : see reference to function template instantiation 'bool pcl::checkCoordinateSystem<double>(const Eigen::Matrix<double,-1,1,0,-1,1> &,const Eigen::Matrix<double,-1,1,0,-1,1> &,const Scalar,const Scalar)' being compiled
          with
          [
              Scalar=double
          ]
C:\Users\isarl\Documents\VOP\c++project\vcpkg\installed\x86-windows\include\Eigen\src\Core\util\Meta.h(358,2): warning C4996: 'std::not_equal_to<float>::result_type': warning STL4007: Many result_type typedefs and all argument_type, first_argument_type, and second_argument_type typedefs are deprecated in C++17. You can define _SILENCE_CXX17_ADAPTOR_TYPEDEFS_DEPRECATION_WARNING or _SILENCE_ALL_CXX17_DEPRECATION_WARNINGS to acknowledge that you have received this warning.
C:\Users\isarl\Documents\VOP\c++project\vcpkg\installed\x86-windows\include\Eigen\src\Core\util\Meta.h(374): message : see reference to class template instantiation 'Eigen::internal::binary_result_of_select<Func,ArgType0,ArgType1,8>' being compiled
          with
          [
              Func=std::not_equal_to<float>,
              ArgType0=const float &,
              ArgType1=const float &
          ]
C:\Users\isarl\Documents\VOP\c++project\vcpkg\installed\x86-windows\include\Eigen\src\Core\CwiseBinaryOp.h(38): message : see reference to class template instantiation 'Eigen::internal::result_of<BinaryOp (const float &,const float &)>' being compiled
          with
          [
              BinaryOp=std::not_equal_to<float>
          ]
C:\Users\isarl\Documents\VOP\c++project\vcpkg\installed\x86-windows\include\Eigen\src\Core\CwiseBinaryOp.h(149): message : see reference to class template instantiation 'Eigen::internal::traits<Derived>' being compiled
          with
          [
              Derived=Eigen::CwiseBinaryOp<std::not_equal_to<float>,const Eigen::Block<const Eigen::Matrix<float,-1,1,0,-1,1>,3,1,false>,const Eigen::Block<const Eigen::Matrix<float,-1,1,0,-1,1>,3,1,false>>
          ]
C:\Users\isarl\Documents\VOP\c++project\vcpkg\installed\x86-windows\include\Eigen\src\Core\CwiseBinaryOp.h(82): message : see reference to class template instantiation 'Eigen::CwiseBinaryOpImpl<BinaryOp,LhsType,RhsType,Eigen::internal::cwise_promote_storage_type<Eigen::Dense,Eigen::Dense,BinaryOp>::ret>' being compiled
          with
          [
              BinaryOp=std::not_equal_to<float>,
              LhsType=Eigen::Block<const Eigen::Matrix<float,-1,1,0,-1,1>,3,1,false>,
              RhsType=Eigen::Block<const Eigen::Matrix<float,-1,1,0,-1,1>,3,1,false>
          ]
C:\Users\isarl\Documents\VOP\c++project\vcpkg\installed\x86-windows\include\Eigen\src\Core\MatrixBase.h(297): message : see reference to class template instantiation 'Eigen::CwiseBinaryOp<std::not_equal_to<float>,const Derived,const Derived>' being compiled
          with
          [
              Derived=Eigen::Block<const Eigen::Matrix<float,-1,1,0,-1,1>,3,1,false>
          ]
C:\Users\isarl\Documents\VOP\c++project\vcpkg\installed\x86-windows\include\pcl\common\impl\eigen.hpp(799): message : see reference to function template instantiation 'bool Eigen::MatrixBase<Derived>::operator !=<Derived>(const Eigen::MatrixBase<Derived> &) const' being compiled
          with
          [
              Derived=Eigen::Block<const Eigen::Matrix<float,-1,1,0,-1,1>,3,1,false>
          ]
C:\Users\isarl\Documents\VOP\c++project\vcpkg\installed\x86-windows\include\pcl\common\impl\eigen.hpp(799): message : see reference to function template instantiation 'bool Eigen::MatrixBase<Derived>::operator !=<Derived>(const Eigen::MatrixBase<Derived> &) const' being compiled
          with
          [
              Derived=Eigen::Block<const Eigen::Matrix<float,-1,1,0,-1,1>,3,1,false>
          ]
C:\Users\isarl\Documents\VOP\c++project\vcpkg\installed\x86-windows\include\pcl\common\eigen.h(616): message : see reference to function template instantiation 'bool pcl::checkCoordinateSystem<float>(const Eigen::Matrix<float,-1,1,0,-1,1> &,const Eigen::Matrix<float,-1,1,0,-1,1> &,const Scalar,const Scalar)' being compiled
          with
          [
              Scalar=float
          ]
  c++project.vcxproj -> C:\Users\isarl\Documents\VOP\c++project\Debug\c++project.exe
