c:\users\isarl\documents\vop\c++project\debug\pthreadvc3d.dll
c:\users\isarl\documents\vop\c++project\debug\pcl_commond.dll
c:\users\isarl\documents\vop\c++project\debug\pcl_iod.dll
c:\users\isarl\documents\vop\c++project\debug\boost_filesystem-vc142-mt-gd-x32-1_75.dll
c:\users\isarl\documents\vop\c++project\debug\boost_iostreams-vc142-mt-gd-x32-1_75.dll
c:\users\isarl\documents\vop\c++project\debug\zlibd1.dll
c:\users\isarl\documents\vop\c++project\debug\bz2d.dll
c:\users\isarl\documents\vop\c++project\debug\lzmad.dll
c:\users\isarl\documents\vop\c++project\debug\zstdd.dll
c:\users\isarl\documents\vop\c++project\debug\libpng16d.dll
c:\users\isarl\documents\vop\c++project\debug\pcl_io_plyd.dll
c:\users\isarl\documents\vop\c++project\debug\pcl_filtersd.dll
c:\users\isarl\documents\vop\c++project\debug\pcl_sample_consensusd.dll
c:\users\isarl\documents\vop\c++project\debug\pcl_searchd.dll
c:\users\isarl\documents\vop\c++project\debug\pcl_octreed.dll
c:\users\isarl\documents\vop\c++project\debug\pcl_kdtreed.dll
c:\users\isarl\documents\vop\c++project\debug\lz4d.dll
c:\users\isarl\documents\vop\c++project\c++project\debug\vc142.pdb
c:\users\isarl\documents\vop\c++project\c++project\debug\vc142.idb
c:\users\isarl\documents\vop\c++project\c++project\debug\c++project.obj
c:\users\isarl\documents\vop\c++project\debug\c++project.exe
c:\users\isarl\documents\vop\c++project\debug\c++project.ilk
c:\users\isarl\documents\vop\c++project\debug\c++project.pdb
c:\users\isarl\documents\vop\c++project\c++project\debug\c++project.tlog\c++project.write.1u.tlog
c:\users\isarl\documents\vop\c++project\c++project\debug\c++project.tlog\cl.command.1.tlog
c:\users\isarl\documents\vop\c++project\c++project\debug\c++project.tlog\cl.read.1.tlog
c:\users\isarl\documents\vop\c++project\c++project\debug\c++project.tlog\cl.write.1.tlog
c:\users\isarl\documents\vop\c++project\c++project\debug\c++project.tlog\link.command.1.tlog
c:\users\isarl\documents\vop\c++project\c++project\debug\c++project.tlog\link.read.1.tlog
c:\users\isarl\documents\vop\c++project\c++project\debug\c++project.tlog\link.write.1.tlog
