  Building Custom Rule C:/Users/isarl/Documents/VOP/draco/CMakeLists.txt
  mesh_edgebreaker_encoder.cc
C:\Users\isarl\Documents\VOP\draco\src\draco/mesh/corner_table.h(284,1): warning C4267: 'argument': conversion from 'size_t' to 'ValueTypeT', possible loss of data
          with
          [
              ValueTypeT=uint32_t
          ]
C:\Users\isarl\Documents\VOP\draco\src\draco/core/bit_utils.h(98,1): warning C4146: unary minus operator applied to unsigned type, result still unsigned
C:\Users\isarl\Documents\VOP\draco\src\draco/core/varint_encoding.h(51): message : see reference to function template instantiation 'unsigned int draco::ConvertSignedIntToSymbol<IntTypeT>(IntTypeT)' being compiled
          with
          [
              IntTypeT=uint32_t
          ]
C:\Users\isarl\Documents\VOP\draco\src\draco/compression/mesh/mesh_edgebreaker_traversal_valence_encoder.h(195): message : see reference to function template instantiation 'bool draco::EncodeVarint<uint32_t>(IntTypeT,draco::EncoderBuffer *)' being compiled
          with
          [
              IntTypeT=uint32_t
          ]
  mesh_edgebreaker_encoder_impl.cc
C:\Users\isarl\Documents\VOP\draco\src\draco/mesh/corner_table.h(284,1): warning C4267: 'argument': conversion from 'size_t' to 'ValueTypeT', possible loss of data
          with
          [
              ValueTypeT=uint32_t
          ]
C:\Users\isarl\Documents\VOP\draco\src\draco\compression\mesh\mesh_edgebreaker_encoder_impl.cc(848): warning C4661: 'draco::MeshEdgebreakerEncoderImpl<draco::MeshEdgebreakerTraversalEncoder>::MeshEdgebreakerEncoderImpl(const TraversalEncoderT &)': no suitable definition provided for explicit template instantiation request
          with
          [
              TraversalEncoderT=draco::MeshEdgebreakerTraversalEncoder
          ]
C:\Users\isarl\Documents\VOP\draco\src\draco/compression/mesh/mesh_edgebreaker_encoder_impl.h(37): message : see declaration of 'draco::MeshEdgebreakerEncoderImpl<draco::MeshEdgebreakerTraversalEncoder>::MeshEdgebreakerEncoderImpl'
C:\Users\isarl\Documents\VOP\draco\src\draco\compression\mesh\mesh_edgebreaker_encoder_impl.cc(848): warning C4661: 'bool draco::MeshEdgebreakerEncoderImpl<draco::MeshEdgebreakerTraversalEncoder>::AssignPositionEncodingOrderToAllCorners(void)': no suitable definition provided for explicit template instantiation request
C:\Users\isarl\Documents\VOP\draco\src\draco/compression/mesh/mesh_edgebreaker_encoder_impl.h(120): message : see declaration of 'draco::MeshEdgebreakerEncoderImpl<draco::MeshEdgebreakerTraversalEncoder>::AssignPositionEncodingOrderToAllCorners'
C:\Users\isarl\Documents\VOP\draco\src\draco\compression\mesh\mesh_edgebreaker_encoder_impl.cc(848): warning C4661: 'bool draco::MeshEdgebreakerEncoderImpl<draco::MeshEdgebreakerTraversalEncoder>::GenerateEncodingOrderForAttributes(void)': no suitable definition provided for explicit template instantiation request
C:\Users\isarl\Documents\VOP\draco\src\draco/compression/mesh/mesh_edgebreaker_encoder_impl.h(125): message : see declaration of 'draco::MeshEdgebreakerEncoderImpl<draco::MeshEdgebreakerTraversalEncoder>::GenerateEncodingOrderForAttributes'
C:\Users\isarl\Documents\VOP\draco\src\draco\compression\mesh\mesh_edgebreaker_encoder_impl.cc(850): warning C4661: 'draco::MeshEdgebreakerEncoderImpl<draco::MeshEdgebreakerTraversalPredictiveEncoder>::MeshEdgebreakerEncoderImpl(const TraversalEncoderT &)': no suitable definition provided for explicit template instantiation request
          with
          [
              TraversalEncoderT=draco::MeshEdgebreakerTraversalPredictiveEncoder
          ]
C:\Users\isarl\Documents\VOP\draco\src\draco/compression/mesh/mesh_edgebreaker_encoder_impl.h(37): message : see declaration of 'draco::MeshEdgebreakerEncoderImpl<draco::MeshEdgebreakerTraversalPredictiveEncoder>::MeshEdgebreakerEncoderImpl'
C:\Users\isarl\Documents\VOP\draco\src\draco\compression\mesh\mesh_edgebreaker_encoder_impl.cc(850): warning C4661: 'bool draco::MeshEdgebreakerEncoderImpl<draco::MeshEdgebreakerTraversalPredictiveEncoder>::AssignPositionEncodingOrderToAllCorners(void)': no suitable definition provided for explicit template instantiation request
C:\Users\isarl\Documents\VOP\draco\src\draco/compression/mesh/mesh_edgebreaker_encoder_impl.h(120): message : see declaration of 'draco::MeshEdgebreakerEncoderImpl<draco::MeshEdgebreakerTraversalPredictiveEncoder>::AssignPositionEncodingOrderToAllCorners'
C:\Users\isarl\Documents\VOP\draco\src\draco\compression\mesh\mesh_edgebreaker_encoder_impl.cc(850): warning C4661: 'bool draco::MeshEdgebreakerEncoderImpl<draco::MeshEdgebreakerTraversalPredictiveEncoder>::GenerateEncodingOrderForAttributes(void)': no suitable definition provided for explicit template instantiation request
C:\Users\isarl\Documents\VOP\draco\src\draco/compression/mesh/mesh_edgebreaker_encoder_impl.h(125): message : see declaration of 'draco::MeshEdgebreakerEncoderImpl<draco::MeshEdgebreakerTraversalPredictiveEncoder>::GenerateEncodingOrderForAttributes'
C:\Users\isarl\Documents\VOP\draco\src\draco\compression\mesh\mesh_edgebreaker_encoder_impl.cc(852): warning C4661: 'draco::MeshEdgebreakerEncoderImpl<draco::MeshEdgebreakerTraversalValenceEncoder>::MeshEdgebreakerEncoderImpl(const TraversalEncoderT &)': no suitable definition provided for explicit template instantiation request
          with
          [
              TraversalEncoderT=draco::MeshEdgebreakerTraversalValenceEncoder
          ]
C:\Users\isarl\Documents\VOP\draco\src\draco/compression/mesh/mesh_edgebreaker_encoder_impl.h(37): message : see declaration of 'draco::MeshEdgebreakerEncoderImpl<draco::MeshEdgebreakerTraversalValenceEncoder>::MeshEdgebreakerEncoderImpl'
C:\Users\isarl\Documents\VOP\draco\src\draco\compression\mesh\mesh_edgebreaker_encoder_impl.cc(852): warning C4661: 'bool draco::MeshEdgebreakerEncoderImpl<draco::MeshEdgebreakerTraversalValenceEncoder>::AssignPositionEncodingOrderToAllCorners(void)': no suitable definition provided for explicit template instantiation request
C:\Users\isarl\Documents\VOP\draco\src\draco/compression/mesh/mesh_edgebreaker_encoder_impl.h(120): message : see declaration of 'draco::MeshEdgebreakerEncoderImpl<draco::MeshEdgebreakerTraversalValenceEncoder>::AssignPositionEncodingOrderToAllCorners'
C:\Users\isarl\Documents\VOP\draco\src\draco\compression\mesh\mesh_edgebreaker_encoder_impl.cc(852): warning C4661: 'bool draco::MeshEdgebreakerEncoderImpl<draco::MeshEdgebreakerTraversalValenceEncoder>::GenerateEncodingOrderForAttributes(void)': no suitable definition provided for explicit template instantiation request
C:\Users\isarl\Documents\VOP\draco\src\draco/compression/mesh/mesh_edgebreaker_encoder_impl.h(125): message : see declaration of 'draco::MeshEdgebreakerEncoderImpl<draco::MeshEdgebreakerTraversalValenceEncoder>::GenerateEncodingOrderForAttributes'
C:\Users\isarl\Documents\VOP\draco\src\draco/compression/mesh/traverser/mesh_traversal_sequencer.h(65,1): warning C4267: 'argument': conversion from 'size_t' to 'const ValueTypeT', possible loss of data
          with
          [
              ValueTypeT=uint32_t
          ]
C:\Users\isarl\Documents\VOP\draco\src\draco/compression/mesh/traverser/mesh_traversal_sequencer.h(48): message : while compiling class template member function 'bool draco::MeshTraversalSequencer<AttTraverser>::UpdatePointToAttributeIndexMapping(draco::PointAttribute *)'
C:\Users\isarl\Documents\VOP\draco\src\draco\compression\mesh\mesh_edgebreaker_encoder_impl.cc(203): message : see reference to class template instantiation 'draco::MeshTraversalSequencer<AttTraverser>' being compiled
C:\Users\isarl\Documents\VOP\draco\src\draco\compression\mesh\mesh_edgebreaker_encoder_impl.cc(116): message : while compiling class template member function 'bool draco::MeshEdgebreakerEncoderImpl<draco::MeshEdgebreakerTraversalEncoder>::GenerateAttributesEncoder(int32_t)'
C:\Users\isarl\Documents\VOP\draco\src\draco\compression\mesh\mesh_edgebreaker_encoder_impl.cc(848): message : see reference to class template instantiation 'draco::MeshEdgebreakerEncoderImpl<draco::MeshEdgebreakerTraversalEncoder>' being compiled
C:\Users\isarl\Documents\VOP\draco\src\draco\compression\mesh\mesh_edgebreaker_encoder_impl.cc(43): warning C4661: 'draco::MeshEdgebreakerEncoderImpl<draco::MeshEdgebreakerTraversalEncoder>::MeshEdgebreakerEncoderImpl(const TraversalEncoderT &)': no suitable definition provided for explicit template instantiation request
          with
          [
              TraversalEncoderT=draco::MeshEdgebreakerTraversalEncoder
          ]
C:\Users\isarl\Documents\VOP\draco\src\draco/compression/mesh/mesh_edgebreaker_encoder_impl.h(37): message : see declaration of 'draco::MeshEdgebreakerEncoderImpl<draco::MeshEdgebreakerTraversalEncoder>::MeshEdgebreakerEncoderImpl'
C:\Users\isarl\Documents\VOP\draco\src\draco\compression\mesh\mesh_edgebreaker_encoder_impl.cc(43): warning C4661: 'bool draco::MeshEdgebreakerEncoderImpl<draco::MeshEdgebreakerTraversalEncoder>::AssignPositionEncodingOrderToAllCorners(void)': no suitable definition provided for explicit template instantiation request
C:\Users\isarl\Documents\VOP\draco\src\draco/compression/mesh/mesh_edgebreaker_encoder_impl.h(120): message : see declaration of 'draco::MeshEdgebreakerEncoderImpl<draco::MeshEdgebreakerTraversalEncoder>::AssignPositionEncodingOrderToAllCorners'
C:\Users\isarl\Documents\VOP\draco\src\draco\compression\mesh\mesh_edgebreaker_encoder_impl.cc(43): warning C4661: 'bool draco::MeshEdgebreakerEncoderImpl<draco::MeshEdgebreakerTraversalEncoder>::GenerateEncodingOrderForAttributes(void)': no suitable definition provided for explicit template instantiation request
C:\Users\isarl\Documents\VOP\draco\src\draco/compression/mesh/mesh_edgebreaker_encoder_impl.h(125): message : see declaration of 'draco::MeshEdgebreakerEncoderImpl<draco::MeshEdgebreakerTraversalEncoder>::GenerateEncodingOrderForAttributes'
C:\Users\isarl\Documents\VOP\draco\src\draco\compression\mesh\mesh_edgebreaker_encoder_impl.cc(43): warning C4661: 'draco::MeshEdgebreakerEncoderImpl<draco::MeshEdgebreakerTraversalPredictiveEncoder>::MeshEdgebreakerEncoderImpl(const TraversalEncoderT &)': no suitable definition provided for explicit template instantiation request
          with
          [
              TraversalEncoderT=draco::MeshEdgebreakerTraversalPredictiveEncoder
          ]
C:\Users\isarl\Documents\VOP\draco\src\draco/compression/mesh/mesh_edgebreaker_encoder_impl.h(37): message : see declaration of 'draco::MeshEdgebreakerEncoderImpl<draco::MeshEdgebreakerTraversalPredictiveEncoder>::MeshEdgebreakerEncoderImpl'
C:\Users\isarl\Documents\VOP\draco\src\draco\compression\mesh\mesh_edgebreaker_encoder_impl.cc(43): warning C4661: 'bool draco::MeshEdgebreakerEncoderImpl<draco::MeshEdgebreakerTraversalPredictiveEncoder>::AssignPositionEncodingOrderToAllCorners(void)': no suitable definition provided for explicit template instantiation request
C:\Users\isarl\Documents\VOP\draco\src\draco/compression/mesh/mesh_edgebreaker_encoder_impl.h(120): message : see declaration of 'draco::MeshEdgebreakerEncoderImpl<draco::MeshEdgebreakerTraversalPredictiveEncoder>::AssignPositionEncodingOrderToAllCorners'
C:\Users\isarl\Documents\VOP\draco\src\draco\compression\mesh\mesh_edgebreaker_encoder_impl.cc(43): warning C4661: 'bool draco::MeshEdgebreakerEncoderImpl<draco::MeshEdgebreakerTraversalPredictiveEncoder>::GenerateEncodingOrderForAttributes(void)': no suitable definition provided for explicit template instantiation request
C:\Users\isarl\Documents\VOP\draco\src\draco/compression/mesh/mesh_edgebreaker_encoder_impl.h(125): message : see declaration of 'draco::MeshEdgebreakerEncoderImpl<draco::MeshEdgebreakerTraversalPredictiveEncoder>::GenerateEncodingOrderForAttributes'
C:\Users\isarl\Documents\VOP\draco\src\draco\compression\mesh\mesh_edgebreaker_encoder_impl.cc(43): warning C4661: 'draco::MeshEdgebreakerEncoderImpl<draco::MeshEdgebreakerTraversalValenceEncoder>::MeshEdgebreakerEncoderImpl(const TraversalEncoderT &)': no suitable definition provided for explicit template instantiation request
          with
          [
              TraversalEncoderT=draco::MeshEdgebreakerTraversalValenceEncoder
          ]
C:\Users\isarl\Documents\VOP\draco\src\draco/compression/mesh/mesh_edgebreaker_encoder_impl.h(37): message : see declaration of 'draco::MeshEdgebreakerEncoderImpl<draco::MeshEdgebreakerTraversalValenceEncoder>::MeshEdgebreakerEncoderImpl'
C:\Users\isarl\Documents\VOP\draco\src\draco\compression\mesh\mesh_edgebreaker_encoder_impl.cc(43): warning C4661: 'bool draco::MeshEdgebreakerEncoderImpl<draco::MeshEdgebreakerTraversalValenceEncoder>::AssignPositionEncodingOrderToAllCorners(void)': no suitable definition provided for explicit template instantiation request
C:\Users\isarl\Documents\VOP\draco\src\draco/compression/mesh/mesh_edgebreaker_encoder_impl.h(120): message : see declaration of 'draco::MeshEdgebreakerEncoderImpl<draco::MeshEdgebreakerTraversalValenceEncoder>::AssignPositionEncodingOrderToAllCorners'
C:\Users\isarl\Documents\VOP\draco\src\draco\compression\mesh\mesh_edgebreaker_encoder_impl.cc(43): warning C4661: 'bool draco::MeshEdgebreakerEncoderImpl<draco::MeshEdgebreakerTraversalValenceEncoder>::GenerateEncodingOrderForAttributes(void)': no suitable definition provided for explicit template instantiation request
C:\Users\isarl\Documents\VOP\draco\src\draco/compression/mesh/mesh_edgebreaker_encoder_impl.h(125): message : see declaration of 'draco::MeshEdgebreakerEncoderImpl<draco::MeshEdgebreakerTraversalValenceEncoder>::GenerateEncodingOrderForAttributes'
C:\Users\isarl\Documents\VOP\draco\src\draco/core/bit_utils.h(98,1): warning C4146: unary minus operator applied to unsigned type, result still unsigned
C:\Users\isarl\Documents\VOP\draco\src\draco/core/varint_encoding.h(51): message : see reference to function template instantiation 'unsigned int draco::ConvertSignedIntToSymbol<IntTypeT>(IntTypeT)' being compiled
          with
          [
              IntTypeT=uint32_t
          ]
C:\Users\isarl\Documents\VOP\draco\src\draco/compression/mesh/mesh_edgebreaker_traversal_valence_encoder.h(195): message : see reference to function template instantiation 'bool draco::EncodeVarint<uint32_t>(IntTypeT,draco::EncoderBuffer *)' being compiled
          with
          [
              IntTypeT=uint32_t
          ]
C:\Users\isarl\Documents\VOP\draco\src\draco\compression\mesh\mesh_edgebreaker_encoder_impl.cc(95): warning C4661: 'draco::MeshEdgebreakerEncoderImpl<draco::MeshEdgebreakerTraversalEncoder>::MeshEdgebreakerEncoderImpl(const TraversalEncoderT &)': no suitable definition provided for explicit template instantiation request
          with
          [
              TraversalEncoderT=draco::MeshEdgebreakerTraversalEncoder
          ]
C:\Users\isarl\Documents\VOP\draco\src\draco/compression/mesh/mesh_edgebreaker_encoder_impl.h(37): message : see declaration of 'draco::MeshEdgebreakerEncoderImpl<draco::MeshEdgebreakerTraversalEncoder>::MeshEdgebreakerEncoderImpl'
C:\Users\isarl\Documents\VOP\draco\src\draco\compression\mesh\mesh_edgebreaker_encoder_impl.cc(95): warning C4661: 'bool draco::MeshEdgebreakerEncoderImpl<draco::MeshEdgebreakerTraversalEncoder>::AssignPositionEncodingOrderToAllCorners(void)': no suitable definition provided for explicit template instantiation request
C:\Users\isarl\Documents\VOP\draco\src\draco/compression/mesh/mesh_edgebreaker_encoder_impl.h(120): message : see declaration of 'draco::MeshEdgebreakerEncoderImpl<draco::MeshEdgebreakerTraversalEncoder>::AssignPositionEncodingOrderToAllCorners'
C:\Users\isarl\Documents\VOP\draco\src\draco\compression\mesh\mesh_edgebreaker_encoder_impl.cc(95): warning C4661: 'bool draco::MeshEdgebreakerEncoderImpl<draco::MeshEdgebreakerTraversalEncoder>::GenerateEncodingOrderForAttributes(void)': no suitable definition provided for explicit template instantiation request
C:\Users\isarl\Documents\VOP\draco\src\draco/compression/mesh/mesh_edgebreaker_encoder_impl.h(125): message : see declaration of 'draco::MeshEdgebreakerEncoderImpl<draco::MeshEdgebreakerTraversalEncoder>::GenerateEncodingOrderForAttributes'
C:\Users\isarl\Documents\VOP\draco\src\draco\compression\mesh\mesh_edgebreaker_encoder_impl.cc(95): warning C4661: 'draco::MeshEdgebreakerEncoderImpl<draco::MeshEdgebreakerTraversalPredictiveEncoder>::MeshEdgebreakerEncoderImpl(const TraversalEncoderT &)': no suitable definition provided for explicit template instantiation request
          with
          [
              TraversalEncoderT=draco::MeshEdgebreakerTraversalPredictiveEncoder
          ]
C:\Users\isarl\Documents\VOP\draco\src\draco/compression/mesh/mesh_edgebreaker_encoder_impl.h(37): message : see declaration of 'draco::MeshEdgebreakerEncoderImpl<draco::MeshEdgebreakerTraversalPredictiveEncoder>::MeshEdgebreakerEncoderImpl'
C:\Users\isarl\Documents\VOP\draco\src\draco\compression\mesh\mesh_edgebreaker_encoder_impl.cc(95): warning C4661: 'bool draco::MeshEdgebreakerEncoderImpl<draco::MeshEdgebreakerTraversalPredictiveEncoder>::AssignPositionEncodingOrderToAllCorners(void)': no suitable definition provided for explicit template instantiation request
C:\Users\isarl\Documents\VOP\draco\src\draco/compression/mesh/mesh_edgebreaker_encoder_impl.h(120): message : see declaration of 'draco::MeshEdgebreakerEncoderImpl<draco::MeshEdgebreakerTraversalPredictiveEncoder>::AssignPositionEncodingOrderToAllCorners'
C:\Users\isarl\Documents\VOP\draco\src\draco\compression\mesh\mesh_edgebreaker_encoder_impl.cc(95): warning C4661: 'bool draco::MeshEdgebreakerEncoderImpl<draco::MeshEdgebreakerTraversalPredictiveEncoder>::GenerateEncodingOrderForAttributes(void)': no suitable definition provided for explicit template instantiation request
C:\Users\isarl\Documents\VOP\draco\src\draco/compression/mesh/mesh_edgebreaker_encoder_impl.h(125): message : see declaration of 'draco::MeshEdgebreakerEncoderImpl<draco::MeshEdgebreakerTraversalPredictiveEncoder>::GenerateEncodingOrderForAttributes'
C:\Users\isarl\Documents\VOP\draco\src\draco\compression\mesh\mesh_edgebreaker_encoder_impl.cc(95): warning C4661: 'draco::MeshEdgebreakerEncoderImpl<draco::MeshEdgebreakerTraversalValenceEncoder>::MeshEdgebreakerEncoderImpl(const TraversalEncoderT &)': no suitable definition provided for explicit template instantiation request
          with
          [
              TraversalEncoderT=draco::MeshEdgebreakerTraversalValenceEncoder
          ]
C:\Users\isarl\Documents\VOP\draco\src\draco/compression/mesh/mesh_edgebreaker_encoder_impl.h(37): message : see declaration of 'draco::MeshEdgebreakerEncoderImpl<draco::MeshEdgebreakerTraversalValenceEncoder>::MeshEdgebreakerEncoderImpl'
C:\Users\isarl\Documents\VOP\draco\src\draco\compression\mesh\mesh_edgebreaker_encoder_impl.cc(95): warning C4661: 'bool draco::MeshEdgebreakerEncoderImpl<draco::MeshEdgebreakerTraversalValenceEncoder>::AssignPositionEncodingOrderToAllCorners(void)': no suitable definition provided for explicit template instantiation request
C:\Users\isarl\Documents\VOP\draco\src\draco/compression/mesh/mesh_edgebreaker_encoder_impl.h(120): message : see declaration of 'draco::MeshEdgebreakerEncoderImpl<draco::MeshEdgebreakerTraversalValenceEncoder>::AssignPositionEncodingOrderToAllCorners'
C:\Users\isarl\Documents\VOP\draco\src\draco\compression\mesh\mesh_edgebreaker_encoder_impl.cc(95): warning C4661: 'bool draco::MeshEdgebreakerEncoderImpl<draco::MeshEdgebreakerTraversalValenceEncoder>::GenerateEncodingOrderForAttributes(void)': no suitable definition provided for explicit template instantiation request
C:\Users\isarl\Documents\VOP\draco\src\draco/compression/mesh/mesh_edgebreaker_encoder_impl.h(125): message : see declaration of 'draco::MeshEdgebreakerEncoderImpl<draco::MeshEdgebreakerTraversalValenceEncoder>::GenerateEncodingOrderForAttributes'
C:\Program Files (x86)\Microsoft Visual Studio\2019\Community\VC\Tools\MSVC\14.28.29333\include\xmemory(706): warning C4661: 'draco::MeshEdgebreakerEncoderImpl<draco::MeshEdgebreakerTraversalEncoder>::MeshEdgebreakerEncoderImpl(const TraversalEncoderT &)': no suitable definition provided for explicit template instantiation request
          with
          [
              TraversalEncoderT=draco::MeshEdgebreakerTraversalEncoder
          ]
C:\Users\isarl\Documents\VOP\draco\src\draco/compression/mesh/mesh_edgebreaker_encoder_impl.h(37): message : see declaration of 'draco::MeshEdgebreakerEncoderImpl<draco::MeshEdgebreakerTraversalEncoder>::MeshEdgebreakerEncoderImpl'
C:\Program Files (x86)\Microsoft Visual Studio\2019\Community\VC\Tools\MSVC\14.28.29333\include\xmemory(706): warning C4661: 'bool draco::MeshEdgebreakerEncoderImpl<draco::MeshEdgebreakerTraversalEncoder>::AssignPositionEncodingOrderToAllCorners(void)': no suitable definition provided for explicit template instantiation request
C:\Users\isarl\Documents\VOP\draco\src\draco/compression/mesh/mesh_edgebreaker_encoder_impl.h(120): message : see declaration of 'draco::MeshEdgebreakerEncoderImpl<draco::MeshEdgebreakerTraversalEncoder>::AssignPositionEncodingOrderToAllCorners'
C:\Program Files (x86)\Microsoft Visual Studio\2019\Community\VC\Tools\MSVC\14.28.29333\include\xmemory(706): warning C4661: 'bool draco::MeshEdgebreakerEncoderImpl<draco::MeshEdgebreakerTraversalEncoder>::GenerateEncodingOrderForAttributes(void)': no suitable definition provided for explicit template instantiation request
C:\Users\isarl\Documents\VOP\draco\src\draco/compression/mesh/mesh_edgebreaker_encoder_impl.h(125): message : see declaration of 'draco::MeshEdgebreakerEncoderImpl<draco::MeshEdgebreakerTraversalEncoder>::GenerateEncodingOrderForAttributes'
C:\Program Files (x86)\Microsoft Visual Studio\2019\Community\VC\Tools\MSVC\14.28.29333\include\xmemory(706): warning C4661: 'draco::MeshEdgebreakerEncoderImpl<draco::MeshEdgebreakerTraversalPredictiveEncoder>::MeshEdgebreakerEncoderImpl(const TraversalEncoderT &)': no suitable definition provided for explicit template instantiation request
          with
          [
              TraversalEncoderT=draco::MeshEdgebreakerTraversalPredictiveEncoder
          ]
C:\Users\isarl\Documents\VOP\draco\src\draco/compression/mesh/mesh_edgebreaker_encoder_impl.h(37): message : see declaration of 'draco::MeshEdgebreakerEncoderImpl<draco::MeshEdgebreakerTraversalPredictiveEncoder>::MeshEdgebreakerEncoderImpl'
C:\Program Files (x86)\Microsoft Visual Studio\2019\Community\VC\Tools\MSVC\14.28.29333\include\xmemory(706): warning C4661: 'bool draco::MeshEdgebreakerEncoderImpl<draco::MeshEdgebreakerTraversalPredictiveEncoder>::AssignPositionEncodingOrderToAllCorners(void)': no suitable definition provided for explicit template instantiation request
C:\Users\isarl\Documents\VOP\draco\src\draco/compression/mesh/mesh_edgebreaker_encoder_impl.h(120): message : see declaration of 'draco::MeshEdgebreakerEncoderImpl<draco::MeshEdgebreakerTraversalPredictiveEncoder>::AssignPositionEncodingOrderToAllCorners'
C:\Program Files (x86)\Microsoft Visual Studio\2019\Community\VC\Tools\MSVC\14.28.29333\include\xmemory(706): warning C4661: 'bool draco::MeshEdgebreakerEncoderImpl<draco::MeshEdgebreakerTraversalPredictiveEncoder>::GenerateEncodingOrderForAttributes(void)': no suitable definition provided for explicit template instantiation request
C:\Users\isarl\Documents\VOP\draco\src\draco/compression/mesh/mesh_edgebreaker_encoder_impl.h(125): message : see declaration of 'draco::MeshEdgebreakerEncoderImpl<draco::MeshEdgebreakerTraversalPredictiveEncoder>::GenerateEncodingOrderForAttributes'
C:\Program Files (x86)\Microsoft Visual Studio\2019\Community\VC\Tools\MSVC\14.28.29333\include\xmemory(706): warning C4661: 'draco::MeshEdgebreakerEncoderImpl<draco::MeshEdgebreakerTraversalValenceEncoder>::MeshEdgebreakerEncoderImpl(const TraversalEncoderT &)': no suitable definition provided for explicit template instantiation request
          with
          [
              TraversalEncoderT=draco::MeshEdgebreakerTraversalValenceEncoder
          ]
C:\Users\isarl\Documents\VOP\draco\src\draco/compression/mesh/mesh_edgebreaker_encoder_impl.h(37): message : see declaration of 'draco::MeshEdgebreakerEncoderImpl<draco::MeshEdgebreakerTraversalValenceEncoder>::MeshEdgebreakerEncoderImpl'
C:\Program Files (x86)\Microsoft Visual Studio\2019\Community\VC\Tools\MSVC\14.28.29333\include\xmemory(706): warning C4661: 'bool draco::MeshEdgebreakerEncoderImpl<draco::MeshEdgebreakerTraversalValenceEncoder>::AssignPositionEncodingOrderToAllCorners(void)': no suitable definition provided for explicit template instantiation request
C:\Users\isarl\Documents\VOP\draco\src\draco/compression/mesh/mesh_edgebreaker_encoder_impl.h(120): message : see declaration of 'draco::MeshEdgebreakerEncoderImpl<draco::MeshEdgebreakerTraversalValenceEncoder>::AssignPositionEncodingOrderToAllCorners'
C:\Program Files (x86)\Microsoft Visual Studio\2019\Community\VC\Tools\MSVC\14.28.29333\include\xmemory(706): warning C4661: 'bool draco::MeshEdgebreakerEncoderImpl<draco::MeshEdgebreakerTraversalValenceEncoder>::GenerateEncodingOrderForAttributes(void)': no suitable definition provided for explicit template instantiation request
C:\Users\isarl\Documents\VOP\draco\src\draco/compression/mesh/mesh_edgebreaker_encoder_impl.h(125): message : see declaration of 'draco::MeshEdgebreakerEncoderImpl<draco::MeshEdgebreakerTraversalValenceEncoder>::GenerateEncodingOrderForAttributes'
C:\Program Files (x86)\Microsoft Visual Studio\2019\Community\VC\Tools\MSVC\14.28.29333\include\xmemory(701): warning C4661: 'draco::MeshEdgebreakerEncoderImpl<draco::MeshEdgebreakerTraversalEncoder>::MeshEdgebreakerEncoderImpl(const TraversalEncoderT &)': no suitable definition provided for explicit template instantiation request
          with
          [
              TraversalEncoderT=draco::MeshEdgebreakerTraversalEncoder
          ]
C:\Users\isarl\Documents\VOP\draco\src\draco/compression/mesh/mesh_edgebreaker_encoder_impl.h(37): message : see declaration of 'draco::MeshEdgebreakerEncoderImpl<draco::MeshEdgebreakerTraversalEncoder>::MeshEdgebreakerEncoderImpl'
C:\Program Files (x86)\Microsoft Visual Studio\2019\Community\VC\Tools\MSVC\14.28.29333\include\xmemory(701): warning C4661: 'bool draco::MeshEdgebreakerEncoderImpl<draco::MeshEdgebreakerTraversalEncoder>::AssignPositionEncodingOrderToAllCorners(void)': no suitable definition provided for explicit template instantiation request
C:\Users\isarl\Documents\VOP\draco\src\draco/compression/mesh/mesh_edgebreaker_encoder_impl.h(120): message : see declaration of 'draco::MeshEdgebreakerEncoderImpl<draco::MeshEdgebreakerTraversalEncoder>::AssignPositionEncodingOrderToAllCorners'
C:\Program Files (x86)\Microsoft Visual Studio\2019\Community\VC\Tools\MSVC\14.28.29333\include\xmemory(701): warning C4661: 'bool draco::MeshEdgebreakerEncoderImpl<draco::MeshEdgebreakerTraversalEncoder>::GenerateEncodingOrderForAttributes(void)': no suitable definition provided for explicit template instantiation request
C:\Users\isarl\Documents\VOP\draco\src\draco/compression/mesh/mesh_edgebreaker_encoder_impl.h(125): message : see declaration of 'draco::MeshEdgebreakerEncoderImpl<draco::MeshEdgebreakerTraversalEncoder>::GenerateEncodingOrderForAttributes'
C:\Program Files (x86)\Microsoft Visual Studio\2019\Community\VC\Tools\MSVC\14.28.29333\include\xmemory(701): warning C4661: 'draco::MeshEdgebreakerEncoderImpl<draco::MeshEdgebreakerTraversalPredictiveEncoder>::MeshEdgebreakerEncoderImpl(const TraversalEncoderT &)': no suitable definition provided for explicit template instantiation request
          with
          [
              TraversalEncoderT=draco::MeshEdgebreakerTraversalPredictiveEncoder
          ]
C:\Users\isarl\Documents\VOP\draco\src\draco/compression/mesh/mesh_edgebreaker_encoder_impl.h(37): message : see declaration of 'draco::MeshEdgebreakerEncoderImpl<draco::MeshEdgebreakerTraversalPredictiveEncoder>::MeshEdgebreakerEncoderImpl'
C:\Program Files (x86)\Microsoft Visual Studio\2019\Community\VC\Tools\MSVC\14.28.29333\include\xmemory(701): warning C4661: 'bool draco::MeshEdgebreakerEncoderImpl<draco::MeshEdgebreakerTraversalPredictiveEncoder>::AssignPositionEncodingOrderToAllCorners(void)': no suitable definition provided for explicit template instantiation request
C:\Users\isarl\Documents\VOP\draco\src\draco/compression/mesh/mesh_edgebreaker_encoder_impl.h(120): message : see declaration of 'draco::MeshEdgebreakerEncoderImpl<draco::MeshEdgebreakerTraversalPredictiveEncoder>::AssignPositionEncodingOrderToAllCorners'
C:\Program Files (x86)\Microsoft Visual Studio\2019\Community\VC\Tools\MSVC\14.28.29333\include\xmemory(701): warning C4661: 'bool draco::MeshEdgebreakerEncoderImpl<draco::MeshEdgebreakerTraversalPredictiveEncoder>::GenerateEncodingOrderForAttributes(void)': no suitable definition provided for explicit template instantiation request
C:\Users\isarl\Documents\VOP\draco\src\draco/compression/mesh/mesh_edgebreaker_encoder_impl.h(125): message : see declaration of 'draco::MeshEdgebreakerEncoderImpl<draco::MeshEdgebreakerTraversalPredictiveEncoder>::GenerateEncodingOrderForAttributes'
C:\Program Files (x86)\Microsoft Visual Studio\2019\Community\VC\Tools\MSVC\14.28.29333\include\xmemory(701): warning C4661: 'draco::MeshEdgebreakerEncoderImpl<draco::MeshEdgebreakerTraversalValenceEncoder>::MeshEdgebreakerEncoderImpl(const TraversalEncoderT &)': no suitable definition provided for explicit template instantiation request
          with
          [
              TraversalEncoderT=draco::MeshEdgebreakerTraversalValenceEncoder
          ]
C:\Users\isarl\Documents\VOP\draco\src\draco/compression/mesh/mesh_edgebreaker_encoder_impl.h(37): message : see declaration of 'draco::MeshEdgebreakerEncoderImpl<draco::MeshEdgebreakerTraversalValenceEncoder>::MeshEdgebreakerEncoderImpl'
C:\Program Files (x86)\Microsoft Visual Studio\2019\Community\VC\Tools\MSVC\14.28.29333\include\xmemory(701): warning C4661: 'bool draco::MeshEdgebreakerEncoderImpl<draco::MeshEdgebreakerTraversalValenceEncoder>::AssignPositionEncodingOrderToAllCorners(void)': no suitable definition provided for explicit template instantiation request
C:\Users\isarl\Documents\VOP\draco\src\draco/compression/mesh/mesh_edgebreaker_encoder_impl.h(120): message : see declaration of 'draco::MeshEdgebreakerEncoderImpl<draco::MeshEdgebreakerTraversalValenceEncoder>::AssignPositionEncodingOrderToAllCorners'
C:\Program Files (x86)\Microsoft Visual Studio\2019\Community\VC\Tools\MSVC\14.28.29333\include\xmemory(701): warning C4661: 'bool draco::MeshEdgebreakerEncoderImpl<draco::MeshEdgebreakerTraversalValenceEncoder>::GenerateEncodingOrderForAttributes(void)': no suitable definition provided for explicit template instantiation request
C:\Users\isarl\Documents\VOP\draco\src\draco/compression/mesh/mesh_edgebreaker_encoder_impl.h(125): message : see declaration of 'draco::MeshEdgebreakerEncoderImpl<draco::MeshEdgebreakerTraversalValenceEncoder>::GenerateEncodingOrderForAttributes'
  mesh_encoder.cc
C:\Users\isarl\Documents\VOP\draco\src\draco/mesh/corner_table.h(284,1): warning C4267: 'argument': conversion from 'size_t' to 'ValueTypeT', possible loss of data
          with
          [
              ValueTypeT=uint32_t
          ]
  mesh_sequential_encoder.cc
C:\Users\isarl\Documents\VOP\draco\src\draco/mesh/corner_table.h(284,1): warning C4267: 'argument': conversion from 'size_t' to 'ValueTypeT', possible loss of data
          with
          [
              ValueTypeT=uint32_t
          ]
C:\Users\isarl\Documents\VOP\draco\src\draco/core/bit_utils.h(98,1): warning C4146: unary minus operator applied to unsigned type, result still unsigned
C:\Users\isarl\Documents\VOP\draco\src\draco/core/varint_encoding.h(51): message : see reference to function template instantiation 'unsigned int draco::ConvertSignedIntToSymbol<IntTypeT>(IntTypeT)' being compiled
          with
          [
              IntTypeT=uint32_t
          ]
C:\Users\isarl\Documents\VOP\draco\src\draco\compression\mesh\mesh_sequential_encoder.cc(31): message : see reference to function template instantiation 'bool draco::EncodeVarint<uint32_t>(IntTypeT,draco::EncoderBuffer *)' being compiled
          with
          [
              IntTypeT=uint32_t
          ]
  Generating Code...
  draco_compression_mesh_enc.vcxproj -> C:\Users\isarl\Documents\VOP\draco\build_dir\draco_compression_mesh_enc.dir\Debug\draco_compression_mesh_enc.lib
