  Building Custom Rule C:/Users/isarl/Documents/VOP/draco/CMakeLists.txt
  file_reader_factory.cc
  file_utils.cc
  file_writer_factory.cc
  file_writer_utils.cc
  mesh_io.cc
  obj_decoder.cc
  obj_encoder.cc
C:\Users\isarl\Documents\VOP\draco\src\draco/attributes/geometry_attribute.h(279,13): warning C4804: '<': unsafe use of type 'bool' in operation
C:\Users\isarl\Documents\VOP\draco\src\draco/attributes/geometry_attribute.h(189): message : see reference to function template instantiation 'bool draco::GeometryAttribute::ConvertTypedValue<bool,OutT>(draco::AttributeValueIndex,int8_t,OutT *) const' being compiled
          with
          [
              OutT=float
          ]
C:\Users\isarl\Documents\VOP\draco\src\draco/attributes/geometry_attribute.h(143): message : see reference to function template instantiation 'bool draco::GeometryAttribute::ConvertValue<OutT>(draco::AttributeValueIndex,int8_t,OutT *) const' being compiled
          with
          [
              OutT=float
          ]
C:\Users\isarl\Documents\VOP\draco\src\draco\io\obj_encoder.cc(189): message : see reference to function template instantiation 'bool draco::GeometryAttribute::ConvertValue<float,3>(draco::AttributeValueIndex,OutT *) const' being compiled
          with
          [
              OutT=float
          ]
C:\Users\isarl\Documents\VOP\draco\src\draco/attributes/geometry_attribute.h(279,35): warning C4804: '>': unsafe use of type 'bool' in operation
C:\Users\isarl\Documents\VOP\draco\src\draco/attributes/geometry_attribute.h(279,44): warning C4018: '>': signed/unsigned mismatch
C:\Users\isarl\Documents\VOP\draco\src\draco/attributes/geometry_attribute.h(174): message : see reference to function template instantiation 'bool draco::GeometryAttribute::ConvertTypedValue<uint32_t,OutT>(draco::AttributeValueIndex,int8_t,OutT *) const' being compiled
          with
          [
              OutT=int
          ]
C:\Users\isarl\Documents\VOP\draco\src\draco/attributes/geometry_attribute.h(203): message : see reference to function template instantiation 'bool draco::GeometryAttribute::ConvertValue<OutT>(draco::AttributeValueIndex,int8_t,OutT *) const' being compiled
          with
          [
              OutT=int
          ]
C:\Users\isarl\Documents\VOP\draco\src\draco\io\obj_encoder.cc(266): message : see reference to function template instantiation 'bool draco::GeometryAttribute::ConvertValue<int>(draco::AttributeValueIndex,OutT *) const' being compiled
          with
          [
              OutT=int
          ]
  parser_utils.cc
C:\Users\isarl\Documents\VOP\draco\src\draco\io\parser_utils.cc(154,28): warning C4146: unary minus operator applied to unsigned type, result still unsigned
  ply_decoder.cc
  ply_encoder.cc
  ply_reader.cc
  point_cloud_io.cc
  stdio_file_reader.cc
  stdio_file_writer.cc
  Generating Code...
  draco_io.vcxproj -> C:\Users\isarl\Documents\VOP\draco\build_dir\draco_io.dir\Debug\draco_io.lib
