  Building Custom Rule C:/Users/isarl/Documents/VOP/draco/CMakeLists.txt
  bit_utils.cc
  bounding_box.cc
  cycle_timer.cc
  data_buffer.cc
  decoder_buffer.cc
  divide.cc
  draco_types.cc
  encoder_buffer.cc
C:\Users\isarl\Documents\VOP\draco\src\draco/core/bit_utils.h(98,1): warning C4146: unary minus operator applied to unsigned type, result still unsigned
C:\Users\isarl\Documents\VOP\draco\src\draco/core/varint_encoding.h(51): message : see reference to function template instantiation 'unsigned __int64 draco::ConvertSignedIntToSymbol<IntTypeT>(IntTypeT)' being compiled
          with
          [
              IntTypeT=uint64_t
          ]
C:\Users\isarl\Documents\VOP\draco\src\draco\core\encoder_buffer.cc(74): message : see reference to function template instantiation 'bool draco::EncodeVarint<uint64_t>(IntTypeT,draco::EncoderBuffer *)' being compiled
          with
          [
              IntTypeT=uint64_t
          ]
  hash_utils.cc
  options.cc
  quantization_utils.cc
  Generating Code...
  draco_core.vcxproj -> C:\Users\isarl\Documents\VOP\draco\build_dir\draco_core.dir\Debug\draco_core.lib
