  Building Custom Rule C:/Users/isarl/Documents/VOP/draco/CMakeLists.txt
  attributes_encoder.cc
C:\Users\isarl\Documents\VOP\draco\src\draco/core/bit_utils.h(98,1): warning C4146: unary minus operator applied to unsigned type, result still unsigned
C:\Users\isarl\Documents\VOP\draco\src\draco/core/varint_encoding.h(51): message : see reference to function template instantiation 'unsigned int draco::ConvertSignedIntToSymbol<IntTypeT>(IntTypeT)' being compiled
          with
          [
              IntTypeT=uint32_t
          ]
C:\Users\isarl\Documents\VOP\draco\src\draco\compression\attributes\attributes_encoder.cc(36): message : see reference to function template instantiation 'bool draco::EncodeVarint<uint32_t>(IntTypeT,draco::EncoderBuffer *)' being compiled
          with
          [
              IntTypeT=uint32_t
          ]
  kd_tree_attributes_encoder.cc
C:\Users\isarl\Documents\VOP\draco\src\draco\compression\attributes\kd_tree_attributes_encoder.cc(85,79): warning C4267: 'argument': conversion from 'size_t' to 'int', possible loss of data
C:\Users\isarl\Documents\VOP\draco\src\draco/attributes/geometry_attribute.h(279,44): warning C4018: '>': signed/unsigned mismatch
C:\Users\isarl\Documents\VOP\draco\src\draco/attributes/geometry_attribute.h(174): message : see reference to function template instantiation 'bool draco::GeometryAttribute::ConvertTypedValue<uint32_t,OutT>(draco::AttributeValueIndex,int8_t,OutT *) const' being compiled
          with
          [
              OutT=int32_t
          ]
C:\Users\isarl\Documents\VOP\draco\src\draco/attributes/geometry_attribute.h(203): message : see reference to function template instantiation 'bool draco::GeometryAttribute::ConvertValue<OutT>(draco::AttributeValueIndex,int8_t,OutT *) const' being compiled
          with
          [
              OutT=int32_t
          ]
C:\Users\isarl\Documents\VOP\draco\src\draco\compression\attributes\kd_tree_attributes_encoder.cc(99): message : see reference to function template instantiation 'bool draco::GeometryAttribute::ConvertValue<int32_t>(draco::AttributeValueIndex,OutT *) const' being compiled
          with
          [
              OutT=int32_t
          ]
C:\Users\isarl\Documents\VOP\draco\src\draco/attributes/geometry_attribute.h(279,13): warning C4804: '<': unsafe use of type 'bool' in operation
C:\Users\isarl\Documents\VOP\draco\src\draco/attributes/geometry_attribute.h(189): message : see reference to function template instantiation 'bool draco::GeometryAttribute::ConvertTypedValue<bool,OutT>(draco::AttributeValueIndex,int8_t,OutT *) const' being compiled
          with
          [
              OutT=int32_t
          ]
C:\Users\isarl\Documents\VOP\draco\src\draco/attributes/geometry_attribute.h(279,35): warning C4804: '>': unsafe use of type 'bool' in operation
C:\Users\isarl\Documents\VOP\draco\src\draco/core/bit_utils.h(98,1): warning C4146: unary minus operator applied to unsigned type, result still unsigned
C:\Users\isarl\Documents\VOP\draco\src\draco/core/varint_encoding.h(51): message : see reference to function template instantiation 'unsigned int draco::ConvertSignedIntToSymbol<IntTypeT>(IntTypeT)' being compiled
          with
          [
              IntTypeT=unsigned int
          ]
C:\Users\isarl\Documents\VOP\draco\src\draco/core/varint_encoding.h(52): message : see reference to function template instantiation 'bool draco::EncodeVarint<unsigned int>(IntTypeT,draco::EncoderBuffer *)' being compiled
          with
          [
              IntTypeT=unsigned int
          ]
C:\Users\isarl\Documents\VOP\draco\src\draco\compression\attributes\kd_tree_attributes_encoder.cc(123): message : see reference to function template instantiation 'bool draco::EncodeVarint<int32_t>(IntTypeT,draco::EncoderBuffer *)' being compiled
          with
          [
              IntTypeT=int32_t
          ]
  sequential_attribute_encoder.cc
  sequential_attribute_encoders_controller.cc
C:\Users\isarl\Documents\VOP\draco\src\draco/mesh/corner_table.h(284,1): warning C4267: 'argument': conversion from 'size_t' to 'ValueTypeT', possible loss of data
          with
          [
              ValueTypeT=uint32_t
          ]
C:\Users\isarl\Documents\VOP\draco\src\draco/compression/attributes/prediction_schemes/mesh_prediction_scheme_constrained_multi_parallelogram_encoder.h(278,1): warning C4244: '+=': conversion from 'const int64_t' to 'int', possible loss of data
C:\Users\isarl\Documents\VOP\draco\src\draco/compression/attributes/prediction_schemes/mesh_prediction_scheme_constrained_multi_parallelogram_encoder.h(172): message : while compiling class template member function 'bool draco::MeshPredictionSchemeConstrainedMultiParallelogramEncoder<DataTypeT,TransformT,MeshDataT>::ComputeCorrectionValues(const DataTypeT *,int *,int,int,const draco::PointIndex *)'
          with
          [
              DataTypeT=int32_t,
              TransformT=draco::PredictionSchemeNormalOctahedronCanonicalizedEncodingTransform<int32_t>,
              MeshDataT=MeshData
          ]
C:\Users\isarl\Documents\VOP\draco\src\draco/compression/attributes/prediction_schemes/prediction_scheme_encoder_factory.h(57): message : see reference to class template instantiation 'draco::MeshPredictionSchemeConstrainedMultiParallelogramEncoder<DataTypeT,TransformT,MeshDataT>' being compiled
          with
          [
              DataTypeT=int32_t,
              TransformT=draco::PredictionSchemeNormalOctahedronCanonicalizedEncodingTransform<int32_t>,
              MeshDataT=MeshData
          ]
C:\Users\isarl\Documents\VOP\draco\src\draco/compression/attributes/prediction_schemes/prediction_scheme_factory.h(63): message : see reference to function template instantiation 'std::unique_ptr<draco::PredictionSchemeEncoder<int32_t,Transform>,std::default_delete<draco::PredictionSchemeEncoder<int32_t,Transform>>> draco::MeshPredictionSchemeEncoderFactory<DataTypeT>::operator ()<draco::PredictionSchemeNormalOctahedronCanonicalizedEncodingTransform<DataTypeT>,MeshData>(draco::PredictionSchemeMethod,const draco::PointAttribute *,const TransformT &,const MeshDataT &,uint16_t)' being compiled
          with
          [
              DataTypeT=int32_t,
              TransformT=draco::PredictionSchemeNormalOctahedronCanonicalizedEncodingTransform<int32_t>,
              MeshDataT=MeshData
          ]
C:\Users\isarl\Documents\VOP\draco\src\draco/compression/attributes/prediction_schemes/prediction_scheme_factory.h(63): message : see reference to function template instantiation 'std::unique_ptr<draco::PredictionSchemeEncoder<int32_t,Transform>,std::default_delete<draco::PredictionSchemeEncoder<int32_t,Transform>>> draco::MeshPredictionSchemeEncoderFactory<DataTypeT>::operator ()<draco::PredictionSchemeNormalOctahedronCanonicalizedEncodingTransform<DataTypeT>,MeshData>(draco::PredictionSchemeMethod,const draco::PointAttribute *,const TransformT &,const MeshDataT &,uint16_t)' being compiled
          with
          [
              DataTypeT=int32_t,
              TransformT=draco::PredictionSchemeNormalOctahedronCanonicalizedEncodingTransform<int32_t>,
              MeshDataT=MeshData
          ]
C:\Users\isarl\Documents\VOP\draco\src\draco/compression/attributes/prediction_schemes/prediction_scheme_encoder_factory.h(103): message : see reference to function template instantiation 'std::unique_ptr<draco::PredictionSchemeEncoder<int32_t,Transform>,std::default_delete<draco::PredictionSchemeEncoder<int32_t,Transform>>> draco::CreateMeshPredictionScheme<draco::MeshEncoder,draco::PredictionSchemeEncoder<int32_t,Transform>,draco::MeshPredictionSchemeEncoderFactory<DataTypeT>>(const EncodingDataSourceT *,draco::PredictionSchemeMethod,int,const draco::PredictionSchemeNormalOctahedronCanonicalizedEncodingTransform<DataTypeT> &,uint16_t)' being compiled
          with
          [
              DataTypeT=int32_t,
              EncodingDataSourceT=draco::MeshEncoder
          ]
C:\Users\isarl\Documents\VOP\draco\src\draco/compression/attributes/sequential_normal_attribute_encoder.h(66): message : see reference to function template instantiation 'std::unique_ptr<draco::PredictionSchemeEncoder<int32_t,Transform>,std::default_delete<draco::PredictionSchemeEncoder<int32_t,Transform>>> draco::CreatePredictionSchemeForEncoder<int32_t,Transform>(draco::PredictionSchemeMethod,int,const draco::PointCloudEncoder *,const TransformT &)' being compiled
          with
          [
              TransformT=Transform
          ]
C:\Users\isarl\Documents\VOP\draco\src\draco/compression/attributes/prediction_schemes/mesh_prediction_scheme_constrained_multi_parallelogram_encoder.h(332,1): warning C4244: '+=': conversion from 'const int64_t' to 'int', possible loss of data
C:\Users\isarl\Documents\VOP\draco\src\draco/compression/attributes/prediction_schemes/mesh_prediction_scheme_constrained_multi_parallelogram_encoder.h(390,1): warning C4267: 'argument': conversion from 'size_t' to 'IntTypeT', possible loss of data
          with
          [
              IntTypeT=uint32_t
          ]
C:\Users\isarl\Documents\VOP\draco\src\draco/compression/attributes/prediction_schemes/mesh_prediction_scheme_constrained_multi_parallelogram_encoder.h(384): message : while compiling class template member function 'bool draco::MeshPredictionSchemeConstrainedMultiParallelogramEncoder<DataTypeT,TransformT,MeshDataT>::EncodePredictionData(draco::EncoderBuffer *)'
          with
          [
              DataTypeT=int32_t,
              TransformT=draco::PredictionSchemeNormalOctahedronCanonicalizedEncodingTransform<int32_t>,
              MeshDataT=MeshData
          ]
C:\Users\isarl\Documents\VOP\draco\src\draco/compression/attributes/prediction_schemes/mesh_prediction_scheme_tex_coords_portable_encoder.h(116,1): warning C4267: 'initializing': conversion from 'size_t' to 'int32_t', possible loss of data
C:\Users\isarl\Documents\VOP\draco\src\draco/compression/attributes/prediction_schemes/mesh_prediction_scheme_tex_coords_portable_encoder.h(114): message : while compiling class template member function 'bool draco::MeshPredictionSchemeTexCoordsPortableEncoder<DataTypeT,TransformT,MeshDataT>::EncodePredictionData(draco::EncoderBuffer *)'
          with
          [
              DataTypeT=int32_t,
              TransformT=draco::PredictionSchemeNormalOctahedronCanonicalizedEncodingTransform<int32_t>,
              MeshDataT=MeshData
          ]
C:\Users\isarl\Documents\VOP\draco\src\draco/compression/attributes/prediction_schemes/prediction_scheme_encoder_factory.h(62): message : see reference to class template instantiation 'draco::MeshPredictionSchemeTexCoordsPortableEncoder<DataTypeT,TransformT,MeshDataT>' being compiled
          with
          [
              DataTypeT=int32_t,
              TransformT=draco::PredictionSchemeNormalOctahedronCanonicalizedEncodingTransform<int32_t>,
              MeshDataT=MeshData
          ]
C:\Users\isarl\Documents\VOP\draco\src\draco/compression/attributes/prediction_schemes/mesh_prediction_scheme_tex_coords_portable_encoder.h(116,1): warning C4267: 'initializing': conversion from 'size_t' to 'const int32_t', possible loss of data
C:\Users\isarl\Documents\VOP\draco\src\draco/compression/attributes/prediction_schemes/mesh_prediction_scheme_constrained_multi_parallelogram_encoder.h(143,73): warning C4244: '=': conversion from 'int64_t' to 'int', possible loss of data
C:\Users\isarl\Documents\VOP\draco\src\draco/compression/attributes/prediction_schemes/mesh_prediction_scheme_constrained_multi_parallelogram_encoder.h(126): message : while compiling class template member function 'draco::MeshPredictionSchemeConstrainedMultiParallelogramEncoder<DataTypeT,TransformT,MeshDataT>::Error draco::MeshPredictionSchemeConstrainedMultiParallelogramEncoder<DataTypeT,TransformT,MeshDataT>::ComputeError(const DataTypeT *,const DataTypeT *,int *,int)'
          with
          [
              DataTypeT=int32_t,
              TransformT=draco::PredictionSchemeNormalOctahedronCanonicalizedEncodingTransform<int32_t>,
              MeshDataT=MeshData
          ]
C:\Users\isarl\Documents\VOP\draco\src\draco/compression/attributes/prediction_schemes/mesh_prediction_scheme_constrained_multi_parallelogram_encoder.h(270): message : see reference to function template instantiation 'draco::MeshPredictionSchemeConstrainedMultiParallelogramEncoder<DataTypeT,TransformT,MeshDataT>::Error draco::MeshPredictionSchemeConstrainedMultiParallelogramEncoder<DataTypeT,TransformT,MeshDataT>::ComputeError(const DataTypeT *,const DataTypeT *,int *,int)' being compiled
          with
          [
              DataTypeT=int32_t,
              TransformT=draco::PredictionSchemeNormalOctahedronCanonicalizedEncodingTransform<int32_t>,
              MeshDataT=MeshData
          ]
C:\Users\isarl\Documents\VOP\draco\src\draco/compression/attributes/prediction_schemes/mesh_prediction_scheme_tex_coords_portable_predictor.h(114,35): warning C4244: '=': conversion from 'const __int64' to 'DataTypeT', possible loss of data
          with
          [
              DataTypeT=int32_t
          ]
C:\Users\isarl\Documents\VOP\draco\src\draco/compression/attributes/prediction_schemes/mesh_prediction_scheme_tex_coords_portable_encoder.h(101): message : see reference to function template instantiation 'bool draco::MeshPredictionSchemeTexCoordsPortablePredictor<DataTypeT,MeshDataT>::ComputePredictedValue<true>(draco::CornerIndex,const DataTypeT *,int)' being compiled
          with
          [
              DataTypeT=int32_t,
              MeshDataT=MeshData
          ]
C:\Users\isarl\Documents\VOP\draco\src\draco/compression/attributes/prediction_schemes/mesh_prediction_scheme_tex_coords_portable_encoder.h(101): message : see reference to function template instantiation 'bool draco::MeshPredictionSchemeTexCoordsPortablePredictor<DataTypeT,MeshDataT>::ComputePredictedValue<true>(draco::CornerIndex,const DataTypeT *,int)' being compiled
          with
          [
              DataTypeT=int32_t,
              MeshDataT=MeshData
          ]
C:\Users\isarl\Documents\VOP\draco\src\draco/compression/attributes/prediction_schemes/mesh_prediction_scheme_tex_coords_portable_encoder.h(92): message : while compiling class template member function 'bool draco::MeshPredictionSchemeTexCoordsPortableEncoder<DataTypeT,TransformT,MeshDataT>::ComputeCorrectionValues(const DataTypeT *,int *,int,int,const draco::PointIndex *)'
          with
          [
              DataTypeT=int32_t,
              TransformT=draco::PredictionSchemeNormalOctahedronCanonicalizedEncodingTransform<int32_t>,
              MeshDataT=MeshData
          ]
C:\Users\isarl\Documents\VOP\draco\src\draco/compression/attributes/prediction_schemes/mesh_prediction_scheme_tex_coords_portable_predictor.h(115,35): warning C4244: '=': conversion from 'const __int64' to 'DataTypeT', possible loss of data
          with
          [
              DataTypeT=int32_t
          ]
C:\Users\isarl\Documents\VOP\draco\src\draco/compression/attributes/normal_compression_utils.h(184,80): warning C4244: '=': conversion from 'int64_t' to 'T', possible loss of data
          with
          [
              T=int
          ]
C:\Users\isarl\Documents\VOP\draco\src\draco/compression/attributes/prediction_schemes/mesh_prediction_scheme_geometric_normal_encoder.h(123): message : see reference to function template instantiation 'void draco::OctahedronToolBox::CanonicalizeIntegerVector<int>(T *) const' being compiled
          with
          [
              T=int
          ]
C:\Users\isarl\Documents\VOP\draco\src\draco/compression/attributes/prediction_schemes/mesh_prediction_scheme_geometric_normal_encoder.h(100): message : while compiling class template member function 'bool draco::MeshPredictionSchemeGeometricNormalEncoder<DataTypeT,TransformT,MeshDataT>::ComputeCorrectionValues(const DataTypeT *,int *,int,int,const draco::PointIndex *)'
          with
          [
              DataTypeT=int32_t,
              TransformT=draco::PredictionSchemeNormalOctahedronCanonicalizedEncodingTransform<int32_t>,
              MeshDataT=MeshData
          ]
C:\Users\isarl\Documents\VOP\draco\src\draco/compression/attributes/prediction_schemes/prediction_scheme_encoder_factory.h(69): message : see reference to class template instantiation 'draco::MeshPredictionSchemeGeometricNormalEncoder<DataTypeT,TransformT,MeshDataT>' being compiled
          with
          [
              DataTypeT=int32_t,
              TransformT=draco::PredictionSchemeNormalOctahedronCanonicalizedEncodingTransform<int32_t>,
              MeshDataT=MeshData
          ]
C:\Users\isarl\Documents\VOP\draco\src\draco/compression/attributes/normal_compression_utils.h(187,80): warning C4244: '=': conversion from 'int64_t' to 'T', possible loss of data
          with
          [
              T=int
          ]
C:\Users\isarl\Documents\VOP\draco\src\draco/core/bit_utils.h(98,1): warning C4146: unary minus operator applied to unsigned type, result still unsigned
C:\Users\isarl\Documents\VOP\draco\src\draco/core/varint_encoding.h(51): message : see reference to function template instantiation 'unsigned int draco::ConvertSignedIntToSymbol<IntTypeT>(IntTypeT)' being compiled
          with
          [
              IntTypeT=uint32_t
          ]
C:\Users\isarl\Documents\VOP\draco\src\draco/compression/attributes/prediction_schemes/mesh_prediction_scheme_constrained_multi_parallelogram_encoder.h(390): message : see reference to function template instantiation 'bool draco::EncodeVarint<uint32_t>(IntTypeT,draco::EncoderBuffer *)' being compiled
          with
          [
              IntTypeT=uint32_t
          ]
C:\Users\isarl\Documents\VOP\draco\src\draco/compression/attributes/prediction_schemes/mesh_prediction_scheme_constrained_multi_parallelogram_encoder.h(384): message : while compiling class template member function 'bool draco::MeshPredictionSchemeConstrainedMultiParallelogramEncoder<DataTypeT,TransformT,MeshDataT>::EncodePredictionData(draco::EncoderBuffer *)'
          with
          [
              DataTypeT=int32_t,
              TransformT=draco::PredictionSchemeNormalOctahedronCanonicalizedEncodingTransform<int32_t>,
              MeshDataT=MeshData
          ]
C:\Users\isarl\Documents\VOP\draco\src\draco/attributes/geometry_attribute.h(279,44): warning C4018: '>': signed/unsigned mismatch
C:\Users\isarl\Documents\VOP\draco\src\draco/attributes/geometry_attribute.h(180): message : see reference to function template instantiation 'bool draco::GeometryAttribute::ConvertTypedValue<uint64_t,OutT>(draco::AttributeValueIndex,int8_t,OutT *) const' being compiled
          with
          [
              OutT=__int64
          ]
C:\Users\isarl\Documents\VOP\draco\src\draco/attributes/geometry_attribute.h(203): message : see reference to function template instantiation 'bool draco::GeometryAttribute::ConvertValue<OutT>(draco::AttributeValueIndex,int8_t,OutT *) const' being compiled
          with
          [
              OutT=__int64
          ]
C:\Users\isarl\Documents\VOP\draco\src\draco/compression/attributes/prediction_schemes/mesh_prediction_scheme_geometric_normal_predictor_base.h(68): message : see reference to function template instantiation 'bool draco::GeometryAttribute::ConvertValue<__int64>(draco::AttributeValueIndex,OutT *) const' being compiled
          with
          [
              OutT=__int64
          ]
C:\Users\isarl\Documents\VOP\draco\src\draco/compression/attributes/prediction_schemes/mesh_prediction_scheme_geometric_normal_predictor_base.h(63): message : while compiling class template member function 'draco::VectorD<int64_t,3> draco::MeshPredictionSchemeGeometricNormalPredictorBase<DataTypeT,TransformT,MeshDataT>::GetPositionForDataId(int) const'
          with
          [
              DataTypeT=int32_t,
              TransformT=draco::PredictionSchemeNormalOctahedronCanonicalizedEncodingTransform<int32_t>,
              MeshDataT=MeshData
          ]
C:\Users\isarl\Documents\VOP\draco\src\draco/compression/attributes/prediction_schemes/mesh_prediction_scheme_geometric_normal_predictor_base.h(76): message : see reference to function template instantiation 'draco::VectorD<int64_t,3> draco::MeshPredictionSchemeGeometricNormalPredictorBase<DataTypeT,TransformT,MeshDataT>::GetPositionForDataId(int) const' being compiled
          with
          [
              DataTypeT=int32_t,
              TransformT=draco::PredictionSchemeNormalOctahedronCanonicalizedEncodingTransform<int32_t>,
              MeshDataT=MeshData
          ]
C:\Users\isarl\Documents\VOP\draco\src\draco/compression/attributes/prediction_schemes/mesh_prediction_scheme_geometric_normal_predictor_area.h(27): message : see reference to class template instantiation 'draco::MeshPredictionSchemeGeometricNormalPredictorBase<DataTypeT,TransformT,MeshDataT>' being compiled
          with
          [
              DataTypeT=int32_t,
              TransformT=draco::PredictionSchemeNormalOctahedronCanonicalizedEncodingTransform<int32_t>,
              MeshDataT=MeshData
          ]
C:\Users\isarl\Documents\VOP\draco\src\draco/compression/attributes/prediction_schemes/mesh_prediction_scheme_geometric_normal_encoder.h(89): message : see reference to class template instantiation 'draco::MeshPredictionSchemeGeometricNormalPredictorArea<DataTypeT,TransformT,MeshDataT>' being compiled
          with
          [
              DataTypeT=int32_t,
              TransformT=draco::PredictionSchemeNormalOctahedronCanonicalizedEncodingTransform<int32_t>,
              MeshDataT=MeshData
          ]
C:\Users\isarl\Documents\VOP\draco\src\draco/compression/attributes/prediction_schemes/prediction_scheme_encoder_factory.h(69): message : see reference to class template instantiation 'draco::MeshPredictionSchemeGeometricNormalEncoder<DataTypeT,TransformT,MeshDataT>' being compiled
          with
          [
              DataTypeT=int32_t,
              TransformT=draco::PredictionSchemeNormalOctahedronCanonicalizedEncodingTransform<int32_t>,
              MeshDataT=MeshData
          ]
C:\Users\isarl\Documents\VOP\draco\src\draco/attributes/geometry_attribute.h(279,13): warning C4804: '<': unsafe use of type 'bool' in operation
C:\Users\isarl\Documents\VOP\draco\src\draco/attributes/geometry_attribute.h(189): message : see reference to function template instantiation 'bool draco::GeometryAttribute::ConvertTypedValue<bool,OutT>(draco::AttributeValueIndex,int8_t,OutT *) const' being compiled
          with
          [
              OutT=__int64
          ]
C:\Users\isarl\Documents\VOP\draco\src\draco/attributes/geometry_attribute.h(279,35): warning C4804: '>': unsafe use of type 'bool' in operation
  sequential_integer_attribute_encoder.cc
C:\Users\isarl\Documents\VOP\draco\src\draco/mesh/corner_table.h(284,1): warning C4267: 'argument': conversion from 'size_t' to 'ValueTypeT', possible loss of data
          with
          [
              ValueTypeT=uint32_t
          ]
C:\Users\isarl\Documents\VOP\draco\src\draco/attributes/geometry_attribute.h(279,44): warning C4018: '>': signed/unsigned mismatch
C:\Users\isarl\Documents\VOP\draco\src\draco/attributes/geometry_attribute.h(174): message : see reference to function template instantiation 'bool draco::GeometryAttribute::ConvertTypedValue<uint32_t,OutT>(draco::AttributeValueIndex,int8_t,OutT *) const' being compiled
          with
          [
              OutT=int32_t
          ]
C:\Users\isarl\Documents\VOP\draco\src\draco/attributes/geometry_attribute.h(203): message : see reference to function template instantiation 'bool draco::GeometryAttribute::ConvertValue<OutT>(draco::AttributeValueIndex,int8_t,OutT *) const' being compiled
          with
          [
              OutT=int32_t
          ]
C:\Users\isarl\Documents\VOP\draco\src\draco\compression\attributes\sequential_integer_attribute_encoder.cc(212): message : see reference to function template instantiation 'bool draco::GeometryAttribute::ConvertValue<int32_t>(draco::AttributeValueIndex,OutT *) const' being compiled
          with
          [
              OutT=int32_t
          ]
C:\Users\isarl\Documents\VOP\draco\src\draco/attributes/geometry_attribute.h(279,13): warning C4804: '<': unsafe use of type 'bool' in operation
C:\Users\isarl\Documents\VOP\draco\src\draco/attributes/geometry_attribute.h(189): message : see reference to function template instantiation 'bool draco::GeometryAttribute::ConvertTypedValue<bool,OutT>(draco::AttributeValueIndex,int8_t,OutT *) const' being compiled
          with
          [
              OutT=int32_t
          ]
C:\Users\isarl\Documents\VOP\draco\src\draco/attributes/geometry_attribute.h(279,35): warning C4804: '>': unsafe use of type 'bool' in operation
C:\Users\isarl\Documents\VOP\draco\src\draco/compression/attributes/prediction_schemes/mesh_prediction_scheme_constrained_multi_parallelogram_encoder.h(278,1): warning C4244: '+=': conversion from 'const int64_t' to 'int', possible loss of data
C:\Users\isarl\Documents\VOP\draco\src\draco/compression/attributes/prediction_schemes/mesh_prediction_scheme_constrained_multi_parallelogram_encoder.h(172): message : while compiling class template member function 'bool draco::MeshPredictionSchemeConstrainedMultiParallelogramEncoder<DataTypeT,TransformT,MeshDataT>::ComputeCorrectionValues(const DataTypeT *,int *,int,int,const draco::PointIndex *)'
          with
          [
              DataTypeT=int32_t,
              TransformT=draco::PredictionSchemeWrapEncodingTransform<int32_t,int32_t>,
              MeshDataT=MeshData
          ]
C:\Users\isarl\Documents\VOP\draco\src\draco/compression/attributes/prediction_schemes/prediction_scheme_encoder_factory.h(57): message : see reference to class template instantiation 'draco::MeshPredictionSchemeConstrainedMultiParallelogramEncoder<DataTypeT,TransformT,MeshDataT>' being compiled
          with
          [
              DataTypeT=int32_t,
              TransformT=draco::PredictionSchemeWrapEncodingTransform<int32_t,int32_t>,
              MeshDataT=MeshData
          ]
C:\Users\isarl\Documents\VOP\draco\src\draco/compression/attributes/prediction_schemes/prediction_scheme_factory.h(63): message : see reference to function template instantiation 'std::unique_ptr<draco::PredictionSchemeEncoder<int32_t,draco::PredictionSchemeWrapEncodingTransform<int32_t,DataTypeT>>,std::default_delete<draco::PredictionSchemeEncoder<DataTypeT,draco::PredictionSchemeWrapEncodingTransform<DataTypeT,DataTypeT>>>> draco::MeshPredictionSchemeEncoderFactory<DataTypeT>::operator ()<draco::PredictionSchemeWrapEncodingTransform<DataTypeT,DataTypeT>,MeshData>(draco::PredictionSchemeMethod,const draco::PointAttribute *,const TransformT &,const MeshDataT &,uint16_t)' being compiled
          with
          [
              DataTypeT=int32_t,
              TransformT=draco::PredictionSchemeWrapEncodingTransform<int32_t,int32_t>,
              MeshDataT=MeshData
          ]
C:\Users\isarl\Documents\VOP\draco\src\draco/compression/attributes/prediction_schemes/prediction_scheme_factory.h(63): message : see reference to function template instantiation 'std::unique_ptr<draco::PredictionSchemeEncoder<int32_t,draco::PredictionSchemeWrapEncodingTransform<int32_t,DataTypeT>>,std::default_delete<draco::PredictionSchemeEncoder<DataTypeT,draco::PredictionSchemeWrapEncodingTransform<DataTypeT,DataTypeT>>>> draco::MeshPredictionSchemeEncoderFactory<DataTypeT>::operator ()<draco::PredictionSchemeWrapEncodingTransform<DataTypeT,DataTypeT>,MeshData>(draco::PredictionSchemeMethod,const draco::PointAttribute *,const TransformT &,const MeshDataT &,uint16_t)' being compiled
          with
          [
              DataTypeT=int32_t,
              TransformT=draco::PredictionSchemeWrapEncodingTransform<int32_t,int32_t>,
              MeshDataT=MeshData
          ]
C:\Users\isarl\Documents\VOP\draco\src\draco/compression/attributes/prediction_schemes/prediction_scheme_encoder_factory.h(103): message : see reference to function template instantiation 'std::unique_ptr<draco::PredictionSchemeEncoder<int32_t,draco::PredictionSchemeWrapEncodingTransform<int32_t,DataTypeT>>,std::default_delete<draco::PredictionSchemeEncoder<DataTypeT,draco::PredictionSchemeWrapEncodingTransform<DataTypeT,DataTypeT>>>> draco::CreateMeshPredictionScheme<draco::MeshEncoder,draco::PredictionSchemeEncoder<DataTypeT,draco::PredictionSchemeWrapEncodingTransform<DataTypeT,DataTypeT>>,draco::MeshPredictionSchemeEncoderFactory<DataTypeT>>(const EncodingDataSourceT *,draco::PredictionSchemeMethod,int,const draco::PredictionSchemeWrapEncodingTransform<DataTypeT,DataTypeT> &,uint16_t)' being compiled
          with
          [
              DataTypeT=int32_t,
              EncodingDataSourceT=draco::MeshEncoder
          ]
C:\Users\isarl\Documents\VOP\draco\src\draco/compression/attributes/prediction_schemes/prediction_scheme_encoder_factory.h(120): message : see reference to function template instantiation 'std::unique_ptr<draco::PredictionSchemeEncoder<int32_t,draco::PredictionSchemeWrapEncodingTransform<int32_t,DataTypeT>>,std::default_delete<draco::PredictionSchemeEncoder<DataTypeT,draco::PredictionSchemeWrapEncodingTransform<DataTypeT,DataTypeT>>>> draco::CreatePredictionSchemeForEncoder<DataTypeT,TransformT>(draco::PredictionSchemeMethod,int,const draco::PointCloudEncoder *,const TransformT &)' being compiled
          with
          [
              DataTypeT=int32_t,
              TransformT=draco::PredictionSchemeWrapEncodingTransform<int32_t,int32_t>
          ]
C:\Users\isarl\Documents\VOP\draco\src\draco\compression\attributes\sequential_integer_attribute_encoder.cc(102): message : see reference to function template instantiation 'std::unique_ptr<draco::PredictionSchemeEncoder<int32_t,draco::PredictionSchemeWrapEncodingTransform<int32_t,DataTypeT>>,std::default_delete<draco::PredictionSchemeEncoder<DataTypeT,draco::PredictionSchemeWrapEncodingTransform<DataTypeT,DataTypeT>>>> draco::CreatePredictionSchemeForEncoder<int32_t,draco::PredictionSchemeWrapEncodingTransform<DataTypeT,DataTypeT>>(draco::PredictionSchemeMethod,int,const draco::PointCloudEncoder *)' being compiled
          with
          [
              DataTypeT=int32_t
          ]
C:\Users\isarl\Documents\VOP\draco\src\draco/compression/attributes/prediction_schemes/mesh_prediction_scheme_constrained_multi_parallelogram_encoder.h(332,1): warning C4244: '+=': conversion from 'const int64_t' to 'int', possible loss of data
C:\Users\isarl\Documents\VOP\draco\src\draco/compression/attributes/prediction_schemes/mesh_prediction_scheme_constrained_multi_parallelogram_encoder.h(390,1): warning C4267: 'argument': conversion from 'size_t' to 'IntTypeT', possible loss of data
          with
          [
              IntTypeT=uint32_t
          ]
C:\Users\isarl\Documents\VOP\draco\src\draco/compression/attributes/prediction_schemes/mesh_prediction_scheme_constrained_multi_parallelogram_encoder.h(384): message : while compiling class template member function 'bool draco::MeshPredictionSchemeConstrainedMultiParallelogramEncoder<DataTypeT,TransformT,MeshDataT>::EncodePredictionData(draco::EncoderBuffer *)'
          with
          [
              DataTypeT=int32_t,
              TransformT=draco::PredictionSchemeWrapEncodingTransform<int32_t,int32_t>,
              MeshDataT=MeshData
          ]
C:\Users\isarl\Documents\VOP\draco\src\draco/compression/attributes/prediction_schemes/mesh_prediction_scheme_tex_coords_portable_encoder.h(116,1): warning C4267: 'initializing': conversion from 'size_t' to 'int32_t', possible loss of data
C:\Users\isarl\Documents\VOP\draco\src\draco/compression/attributes/prediction_schemes/mesh_prediction_scheme_tex_coords_portable_encoder.h(114): message : while compiling class template member function 'bool draco::MeshPredictionSchemeTexCoordsPortableEncoder<DataTypeT,TransformT,MeshDataT>::EncodePredictionData(draco::EncoderBuffer *)'
          with
          [
              DataTypeT=int32_t,
              TransformT=draco::PredictionSchemeWrapEncodingTransform<int32_t,int32_t>,
              MeshDataT=MeshData
          ]
C:\Users\isarl\Documents\VOP\draco\src\draco/compression/attributes/prediction_schemes/prediction_scheme_encoder_factory.h(62): message : see reference to class template instantiation 'draco::MeshPredictionSchemeTexCoordsPortableEncoder<DataTypeT,TransformT,MeshDataT>' being compiled
          with
          [
              DataTypeT=int32_t,
              TransformT=draco::PredictionSchemeWrapEncodingTransform<int32_t,int32_t>,
              MeshDataT=MeshData
          ]
C:\Users\isarl\Documents\VOP\draco\src\draco/compression/attributes/prediction_schemes/mesh_prediction_scheme_tex_coords_portable_encoder.h(116,1): warning C4267: 'initializing': conversion from 'size_t' to 'const int32_t', possible loss of data
C:\Users\isarl\Documents\VOP\draco\src\draco/compression/attributes/prediction_schemes/mesh_prediction_scheme_constrained_multi_parallelogram_encoder.h(143,73): warning C4244: '=': conversion from 'int64_t' to 'int', possible loss of data
C:\Users\isarl\Documents\VOP\draco\src\draco/compression/attributes/prediction_schemes/mesh_prediction_scheme_constrained_multi_parallelogram_encoder.h(126): message : while compiling class template member function 'draco::MeshPredictionSchemeConstrainedMultiParallelogramEncoder<DataTypeT,TransformT,MeshDataT>::Error draco::MeshPredictionSchemeConstrainedMultiParallelogramEncoder<DataTypeT,TransformT,MeshDataT>::ComputeError(const DataTypeT *,const DataTypeT *,int *,int)'
          with
          [
              DataTypeT=int32_t,
              TransformT=draco::PredictionSchemeWrapEncodingTransform<int32_t,int32_t>,
              MeshDataT=MeshData
          ]
C:\Users\isarl\Documents\VOP\draco\src\draco/compression/attributes/prediction_schemes/mesh_prediction_scheme_constrained_multi_parallelogram_encoder.h(270): message : see reference to function template instantiation 'draco::MeshPredictionSchemeConstrainedMultiParallelogramEncoder<DataTypeT,TransformT,MeshDataT>::Error draco::MeshPredictionSchemeConstrainedMultiParallelogramEncoder<DataTypeT,TransformT,MeshDataT>::ComputeError(const DataTypeT *,const DataTypeT *,int *,int)' being compiled
          with
          [
              DataTypeT=int32_t,
              TransformT=draco::PredictionSchemeWrapEncodingTransform<int32_t,int32_t>,
              MeshDataT=MeshData
          ]
C:\Users\isarl\Documents\VOP\draco\src\draco/compression/attributes/prediction_schemes/mesh_prediction_scheme_tex_coords_portable_predictor.h(114,35): warning C4244: '=': conversion from 'const __int64' to 'DataTypeT', possible loss of data
          with
          [
              DataTypeT=int32_t
          ]
C:\Users\isarl\Documents\VOP\draco\src\draco/compression/attributes/prediction_schemes/mesh_prediction_scheme_tex_coords_portable_encoder.h(101): message : see reference to function template instantiation 'bool draco::MeshPredictionSchemeTexCoordsPortablePredictor<DataTypeT,MeshDataT>::ComputePredictedValue<true>(draco::CornerIndex,const DataTypeT *,int)' being compiled
          with
          [
              DataTypeT=int32_t,
              MeshDataT=MeshData
          ]
C:\Users\isarl\Documents\VOP\draco\src\draco/compression/attributes/prediction_schemes/mesh_prediction_scheme_tex_coords_portable_encoder.h(101): message : see reference to function template instantiation 'bool draco::MeshPredictionSchemeTexCoordsPortablePredictor<DataTypeT,MeshDataT>::ComputePredictedValue<true>(draco::CornerIndex,const DataTypeT *,int)' being compiled
          with
          [
              DataTypeT=int32_t,
              MeshDataT=MeshData
          ]
C:\Users\isarl\Documents\VOP\draco\src\draco/compression/attributes/prediction_schemes/mesh_prediction_scheme_tex_coords_portable_encoder.h(92): message : while compiling class template member function 'bool draco::MeshPredictionSchemeTexCoordsPortableEncoder<DataTypeT,TransformT,MeshDataT>::ComputeCorrectionValues(const DataTypeT *,int *,int,int,const draco::PointIndex *)'
          with
          [
              DataTypeT=int32_t,
              TransformT=draco::PredictionSchemeWrapEncodingTransform<int32_t,int32_t>,
              MeshDataT=MeshData
          ]
C:\Users\isarl\Documents\VOP\draco\src\draco/compression/attributes/prediction_schemes/mesh_prediction_scheme_tex_coords_portable_predictor.h(115,35): warning C4244: '=': conversion from 'const __int64' to 'DataTypeT', possible loss of data
          with
          [
              DataTypeT=int32_t
          ]
C:\Users\isarl\Documents\VOP\draco\src\draco/compression/attributes/normal_compression_utils.h(184,80): warning C4244: '=': conversion from 'int64_t' to 'T', possible loss of data
          with
          [
              T=int
          ]
C:\Users\isarl\Documents\VOP\draco\src\draco/compression/attributes/prediction_schemes/mesh_prediction_scheme_geometric_normal_encoder.h(123): message : see reference to function template instantiation 'void draco::OctahedronToolBox::CanonicalizeIntegerVector<int>(T *) const' being compiled
          with
          [
              T=int
          ]
C:\Users\isarl\Documents\VOP\draco\src\draco/compression/attributes/prediction_schemes/mesh_prediction_scheme_geometric_normal_encoder.h(100): message : while compiling class template member function 'bool draco::MeshPredictionSchemeGeometricNormalEncoder<DataTypeT,TransformT,MeshDataT>::ComputeCorrectionValues(const DataTypeT *,int *,int,int,const draco::PointIndex *)'
          with
          [
              DataTypeT=int32_t,
              TransformT=draco::PredictionSchemeWrapEncodingTransform<int32_t,int32_t>,
              MeshDataT=MeshData
          ]
C:\Users\isarl\Documents\VOP\draco\src\draco/compression/attributes/prediction_schemes/prediction_scheme_encoder_factory.h(69): message : see reference to class template instantiation 'draco::MeshPredictionSchemeGeometricNormalEncoder<DataTypeT,TransformT,MeshDataT>' being compiled
          with
          [
              DataTypeT=int32_t,
              TransformT=draco::PredictionSchemeWrapEncodingTransform<int32_t,int32_t>,
              MeshDataT=MeshData
          ]
C:\Users\isarl\Documents\VOP\draco\src\draco/compression/attributes/normal_compression_utils.h(187,80): warning C4244: '=': conversion from 'int64_t' to 'T', possible loss of data
          with
          [
              T=int
          ]
C:\Users\isarl\Documents\VOP\draco\src\draco/core/bit_utils.h(98,1): warning C4146: unary minus operator applied to unsigned type, result still unsigned
C:\Users\isarl\Documents\VOP\draco\src\draco/core/varint_encoding.h(51): message : see reference to function template instantiation 'unsigned int draco::ConvertSignedIntToSymbol<IntTypeT>(IntTypeT)' being compiled
          with
          [
              IntTypeT=uint32_t
          ]
C:\Users\isarl\Documents\VOP\draco\src\draco/compression/attributes/prediction_schemes/mesh_prediction_scheme_constrained_multi_parallelogram_encoder.h(390): message : see reference to function template instantiation 'bool draco::EncodeVarint<uint32_t>(IntTypeT,draco::EncoderBuffer *)' being compiled
          with
          [
              IntTypeT=uint32_t
          ]
C:\Users\isarl\Documents\VOP\draco\src\draco/compression/attributes/prediction_schemes/mesh_prediction_scheme_constrained_multi_parallelogram_encoder.h(384): message : while compiling class template member function 'bool draco::MeshPredictionSchemeConstrainedMultiParallelogramEncoder<DataTypeT,TransformT,MeshDataT>::EncodePredictionData(draco::EncoderBuffer *)'
          with
          [
              DataTypeT=int32_t,
              TransformT=draco::PredictionSchemeWrapEncodingTransform<int32_t,int32_t>,
              MeshDataT=MeshData
          ]
  sequential_normal_attribute_encoder.cc
C:\Users\isarl\Documents\VOP\draco\src\draco/mesh/corner_table.h(284,1): warning C4267: 'argument': conversion from 'size_t' to 'ValueTypeT', possible loss of data
          with
          [
              ValueTypeT=uint32_t
          ]
C:\Users\isarl\Documents\VOP\draco\src\draco\compression\attributes\sequential_normal_attribute_encoder.cc(48,39): warning C4267: 'argument': conversion from 'size_t' to 'int', possible loss of data
C:\Users\isarl\Documents\VOP\draco\src\draco/compression/attributes/prediction_schemes/mesh_prediction_scheme_constrained_multi_parallelogram_encoder.h(278,1): warning C4244: '+=': conversion from 'const int64_t' to 'int', possible loss of data
C:\Users\isarl\Documents\VOP\draco\src\draco/compression/attributes/prediction_schemes/mesh_prediction_scheme_constrained_multi_parallelogram_encoder.h(172): message : while compiling class template member function 'bool draco::MeshPredictionSchemeConstrainedMultiParallelogramEncoder<DataTypeT,TransformT,MeshDataT>::ComputeCorrectionValues(const DataTypeT *,int *,int,int,const draco::PointIndex *)'
          with
          [
              DataTypeT=int32_t,
              TransformT=draco::PredictionSchemeNormalOctahedronCanonicalizedEncodingTransform<int32_t>,
              MeshDataT=MeshData
          ]
C:\Users\isarl\Documents\VOP\draco\src\draco/compression/attributes/prediction_schemes/prediction_scheme_encoder_factory.h(57): message : see reference to class template instantiation 'draco::MeshPredictionSchemeConstrainedMultiParallelogramEncoder<DataTypeT,TransformT,MeshDataT>' being compiled
          with
          [
              DataTypeT=int32_t,
              TransformT=draco::PredictionSchemeNormalOctahedronCanonicalizedEncodingTransform<int32_t>,
              MeshDataT=MeshData
          ]
C:\Users\isarl\Documents\VOP\draco\src\draco/compression/attributes/prediction_schemes/prediction_scheme_factory.h(63): message : see reference to function template instantiation 'std::unique_ptr<draco::PredictionSchemeEncoder<int32_t,Transform>,std::default_delete<draco::PredictionSchemeEncoder<int32_t,Transform>>> draco::MeshPredictionSchemeEncoderFactory<DataTypeT>::operator ()<draco::PredictionSchemeNormalOctahedronCanonicalizedEncodingTransform<DataTypeT>,MeshData>(draco::PredictionSchemeMethod,const draco::PointAttribute *,const TransformT &,const MeshDataT &,uint16_t)' being compiled
          with
          [
              DataTypeT=int32_t,
              TransformT=draco::PredictionSchemeNormalOctahedronCanonicalizedEncodingTransform<int32_t>,
              MeshDataT=MeshData
          ]
C:\Users\isarl\Documents\VOP\draco\src\draco/compression/attributes/prediction_schemes/prediction_scheme_factory.h(63): message : see reference to function template instantiation 'std::unique_ptr<draco::PredictionSchemeEncoder<int32_t,Transform>,std::default_delete<draco::PredictionSchemeEncoder<int32_t,Transform>>> draco::MeshPredictionSchemeEncoderFactory<DataTypeT>::operator ()<draco::PredictionSchemeNormalOctahedronCanonicalizedEncodingTransform<DataTypeT>,MeshData>(draco::PredictionSchemeMethod,const draco::PointAttribute *,const TransformT &,const MeshDataT &,uint16_t)' being compiled
          with
          [
              DataTypeT=int32_t,
              TransformT=draco::PredictionSchemeNormalOctahedronCanonicalizedEncodingTransform<int32_t>,
              MeshDataT=MeshData
          ]
C:\Users\isarl\Documents\VOP\draco\src\draco/compression/attributes/prediction_schemes/prediction_scheme_encoder_factory.h(103): message : see reference to function template instantiation 'std::unique_ptr<draco::PredictionSchemeEncoder<int32_t,Transform>,std::default_delete<draco::PredictionSchemeEncoder<int32_t,Transform>>> draco::CreateMeshPredictionScheme<draco::MeshEncoder,draco::PredictionSchemeEncoder<int32_t,Transform>,draco::MeshPredictionSchemeEncoderFactory<DataTypeT>>(const EncodingDataSourceT *,draco::PredictionSchemeMethod,int,const draco::PredictionSchemeNormalOctahedronCanonicalizedEncodingTransform<DataTypeT> &,uint16_t)' being compiled
          with
          [
              DataTypeT=int32_t,
              EncodingDataSourceT=draco::MeshEncoder
          ]
C:\Users\isarl\Documents\VOP\draco\src\draco/compression/attributes/sequential_normal_attribute_encoder.h(66): message : see reference to function template instantiation 'std::unique_ptr<draco::PredictionSchemeEncoder<int32_t,Transform>,std::default_delete<draco::PredictionSchemeEncoder<int32_t,Transform>>> draco::CreatePredictionSchemeForEncoder<int32_t,Transform>(draco::PredictionSchemeMethod,int,const draco::PointCloudEncoder *,const TransformT &)' being compiled
          with
          [
              TransformT=Transform
          ]
C:\Users\isarl\Documents\VOP\draco\src\draco/compression/attributes/prediction_schemes/mesh_prediction_scheme_constrained_multi_parallelogram_encoder.h(332,1): warning C4244: '+=': conversion from 'const int64_t' to 'int', possible loss of data
C:\Users\isarl\Documents\VOP\draco\src\draco/compression/attributes/prediction_schemes/mesh_prediction_scheme_constrained_multi_parallelogram_encoder.h(390,1): warning C4267: 'argument': conversion from 'size_t' to 'IntTypeT', possible loss of data
          with
          [
              IntTypeT=uint32_t
          ]
C:\Users\isarl\Documents\VOP\draco\src\draco/compression/attributes/prediction_schemes/mesh_prediction_scheme_constrained_multi_parallelogram_encoder.h(384): message : while compiling class template member function 'bool draco::MeshPredictionSchemeConstrainedMultiParallelogramEncoder<DataTypeT,TransformT,MeshDataT>::EncodePredictionData(draco::EncoderBuffer *)'
          with
          [
              DataTypeT=int32_t,
              TransformT=draco::PredictionSchemeNormalOctahedronCanonicalizedEncodingTransform<int32_t>,
              MeshDataT=MeshData
          ]
C:\Users\isarl\Documents\VOP\draco\src\draco/compression/attributes/prediction_schemes/mesh_prediction_scheme_tex_coords_portable_encoder.h(116,1): warning C4267: 'initializing': conversion from 'size_t' to 'int32_t', possible loss of data
C:\Users\isarl\Documents\VOP\draco\src\draco/compression/attributes/prediction_schemes/mesh_prediction_scheme_tex_coords_portable_encoder.h(114): message : while compiling class template member function 'bool draco::MeshPredictionSchemeTexCoordsPortableEncoder<DataTypeT,TransformT,MeshDataT>::EncodePredictionData(draco::EncoderBuffer *)'
          with
          [
              DataTypeT=int32_t,
              TransformT=draco::PredictionSchemeNormalOctahedronCanonicalizedEncodingTransform<int32_t>,
              MeshDataT=MeshData
          ]
C:\Users\isarl\Documents\VOP\draco\src\draco/compression/attributes/prediction_schemes/prediction_scheme_encoder_factory.h(62): message : see reference to class template instantiation 'draco::MeshPredictionSchemeTexCoordsPortableEncoder<DataTypeT,TransformT,MeshDataT>' being compiled
          with
          [
              DataTypeT=int32_t,
              TransformT=draco::PredictionSchemeNormalOctahedronCanonicalizedEncodingTransform<int32_t>,
              MeshDataT=MeshData
          ]
C:\Users\isarl\Documents\VOP\draco\src\draco/compression/attributes/prediction_schemes/mesh_prediction_scheme_tex_coords_portable_encoder.h(116,1): warning C4267: 'initializing': conversion from 'size_t' to 'const int32_t', possible loss of data
C:\Users\isarl\Documents\VOP\draco\src\draco/compression/attributes/prediction_schemes/mesh_prediction_scheme_constrained_multi_parallelogram_encoder.h(143,73): warning C4244: '=': conversion from 'int64_t' to 'int', possible loss of data
C:\Users\isarl\Documents\VOP\draco\src\draco/compression/attributes/prediction_schemes/mesh_prediction_scheme_constrained_multi_parallelogram_encoder.h(126): message : while compiling class template member function 'draco::MeshPredictionSchemeConstrainedMultiParallelogramEncoder<DataTypeT,TransformT,MeshDataT>::Error draco::MeshPredictionSchemeConstrainedMultiParallelogramEncoder<DataTypeT,TransformT,MeshDataT>::ComputeError(const DataTypeT *,const DataTypeT *,int *,int)'
          with
          [
              DataTypeT=int32_t,
              TransformT=draco::PredictionSchemeNormalOctahedronCanonicalizedEncodingTransform<int32_t>,
              MeshDataT=MeshData
          ]
C:\Users\isarl\Documents\VOP\draco\src\draco/compression/attributes/prediction_schemes/mesh_prediction_scheme_constrained_multi_parallelogram_encoder.h(270): message : see reference to function template instantiation 'draco::MeshPredictionSchemeConstrainedMultiParallelogramEncoder<DataTypeT,TransformT,MeshDataT>::Error draco::MeshPredictionSchemeConstrainedMultiParallelogramEncoder<DataTypeT,TransformT,MeshDataT>::ComputeError(const DataTypeT *,const DataTypeT *,int *,int)' being compiled
          with
          [
              DataTypeT=int32_t,
              TransformT=draco::PredictionSchemeNormalOctahedronCanonicalizedEncodingTransform<int32_t>,
              MeshDataT=MeshData
          ]
C:\Users\isarl\Documents\VOP\draco\src\draco/compression/attributes/prediction_schemes/mesh_prediction_scheme_tex_coords_portable_predictor.h(114,35): warning C4244: '=': conversion from 'const __int64' to 'DataTypeT', possible loss of data
          with
          [
              DataTypeT=int32_t
          ]
C:\Users\isarl\Documents\VOP\draco\src\draco/compression/attributes/prediction_schemes/mesh_prediction_scheme_tex_coords_portable_encoder.h(101): message : see reference to function template instantiation 'bool draco::MeshPredictionSchemeTexCoordsPortablePredictor<DataTypeT,MeshDataT>::ComputePredictedValue<true>(draco::CornerIndex,const DataTypeT *,int)' being compiled
          with
          [
              DataTypeT=int32_t,
              MeshDataT=MeshData
          ]
C:\Users\isarl\Documents\VOP\draco\src\draco/compression/attributes/prediction_schemes/mesh_prediction_scheme_tex_coords_portable_encoder.h(101): message : see reference to function template instantiation 'bool draco::MeshPredictionSchemeTexCoordsPortablePredictor<DataTypeT,MeshDataT>::ComputePredictedValue<true>(draco::CornerIndex,const DataTypeT *,int)' being compiled
          with
          [
              DataTypeT=int32_t,
              MeshDataT=MeshData
          ]
C:\Users\isarl\Documents\VOP\draco\src\draco/compression/attributes/prediction_schemes/mesh_prediction_scheme_tex_coords_portable_encoder.h(92): message : while compiling class template member function 'bool draco::MeshPredictionSchemeTexCoordsPortableEncoder<DataTypeT,TransformT,MeshDataT>::ComputeCorrectionValues(const DataTypeT *,int *,int,int,const draco::PointIndex *)'
          with
          [
              DataTypeT=int32_t,
              TransformT=draco::PredictionSchemeNormalOctahedronCanonicalizedEncodingTransform<int32_t>,
              MeshDataT=MeshData
          ]
C:\Users\isarl\Documents\VOP\draco\src\draco/compression/attributes/prediction_schemes/mesh_prediction_scheme_tex_coords_portable_predictor.h(115,35): warning C4244: '=': conversion from 'const __int64' to 'DataTypeT', possible loss of data
          with
          [
              DataTypeT=int32_t
          ]
C:\Users\isarl\Documents\VOP\draco\src\draco/compression/attributes/normal_compression_utils.h(184,80): warning C4244: '=': conversion from 'int64_t' to 'T', possible loss of data
          with
          [
              T=int
          ]
C:\Users\isarl\Documents\VOP\draco\src\draco/compression/attributes/prediction_schemes/mesh_prediction_scheme_geometric_normal_encoder.h(123): message : see reference to function template instantiation 'void draco::OctahedronToolBox::CanonicalizeIntegerVector<int>(T *) const' being compiled
          with
          [
              T=int
          ]
C:\Users\isarl\Documents\VOP\draco\src\draco/compression/attributes/prediction_schemes/mesh_prediction_scheme_geometric_normal_encoder.h(100): message : while compiling class template member function 'bool draco::MeshPredictionSchemeGeometricNormalEncoder<DataTypeT,TransformT,MeshDataT>::ComputeCorrectionValues(const DataTypeT *,int *,int,int,const draco::PointIndex *)'
          with
          [
              DataTypeT=int32_t,
              TransformT=draco::PredictionSchemeNormalOctahedronCanonicalizedEncodingTransform<int32_t>,
              MeshDataT=MeshData
          ]
C:\Users\isarl\Documents\VOP\draco\src\draco/compression/attributes/prediction_schemes/prediction_scheme_encoder_factory.h(69): message : see reference to class template instantiation 'draco::MeshPredictionSchemeGeometricNormalEncoder<DataTypeT,TransformT,MeshDataT>' being compiled
          with
          [
              DataTypeT=int32_t,
              TransformT=draco::PredictionSchemeNormalOctahedronCanonicalizedEncodingTransform<int32_t>,
              MeshDataT=MeshData
          ]
C:\Users\isarl\Documents\VOP\draco\src\draco/compression/attributes/normal_compression_utils.h(187,80): warning C4244: '=': conversion from 'int64_t' to 'T', possible loss of data
          with
          [
              T=int
          ]
C:\Users\isarl\Documents\VOP\draco\src\draco/core/bit_utils.h(98,1): warning C4146: unary minus operator applied to unsigned type, result still unsigned
C:\Users\isarl\Documents\VOP\draco\src\draco/core/varint_encoding.h(51): message : see reference to function template instantiation 'unsigned int draco::ConvertSignedIntToSymbol<IntTypeT>(IntTypeT)' being compiled
          with
          [
              IntTypeT=uint32_t
          ]
C:\Users\isarl\Documents\VOP\draco\src\draco/compression/attributes/prediction_schemes/mesh_prediction_scheme_constrained_multi_parallelogram_encoder.h(390): message : see reference to function template instantiation 'bool draco::EncodeVarint<uint32_t>(IntTypeT,draco::EncoderBuffer *)' being compiled
          with
          [
              IntTypeT=uint32_t
          ]
C:\Users\isarl\Documents\VOP\draco\src\draco/compression/attributes/prediction_schemes/mesh_prediction_scheme_constrained_multi_parallelogram_encoder.h(384): message : while compiling class template member function 'bool draco::MeshPredictionSchemeConstrainedMultiParallelogramEncoder<DataTypeT,TransformT,MeshDataT>::EncodePredictionData(draco::EncoderBuffer *)'
          with
          [
              DataTypeT=int32_t,
              TransformT=draco::PredictionSchemeNormalOctahedronCanonicalizedEncodingTransform<int32_t>,
              MeshDataT=MeshData
          ]
C:\Users\isarl\Documents\VOP\draco\src\draco/attributes/geometry_attribute.h(279,44): warning C4018: '>': signed/unsigned mismatch
C:\Users\isarl\Documents\VOP\draco\src\draco/attributes/geometry_attribute.h(180): message : see reference to function template instantiation 'bool draco::GeometryAttribute::ConvertTypedValue<uint64_t,OutT>(draco::AttributeValueIndex,int8_t,OutT *) const' being compiled
          with
          [
              OutT=__int64
          ]
C:\Users\isarl\Documents\VOP\draco\src\draco/attributes/geometry_attribute.h(203): message : see reference to function template instantiation 'bool draco::GeometryAttribute::ConvertValue<OutT>(draco::AttributeValueIndex,int8_t,OutT *) const' being compiled
          with
          [
              OutT=__int64
          ]
C:\Users\isarl\Documents\VOP\draco\src\draco/compression/attributes/prediction_schemes/mesh_prediction_scheme_geometric_normal_predictor_base.h(68): message : see reference to function template instantiation 'bool draco::GeometryAttribute::ConvertValue<__int64>(draco::AttributeValueIndex,OutT *) const' being compiled
          with
          [
              OutT=__int64
          ]
C:\Users\isarl\Documents\VOP\draco\src\draco/compression/attributes/prediction_schemes/mesh_prediction_scheme_geometric_normal_predictor_base.h(63): message : while compiling class template member function 'draco::VectorD<int64_t,3> draco::MeshPredictionSchemeGeometricNormalPredictorBase<DataTypeT,TransformT,MeshDataT>::GetPositionForDataId(int) const'
          with
          [
              DataTypeT=int32_t,
              TransformT=draco::PredictionSchemeNormalOctahedronCanonicalizedEncodingTransform<int32_t>,
              MeshDataT=MeshData
          ]
C:\Users\isarl\Documents\VOP\draco\src\draco/compression/attributes/prediction_schemes/mesh_prediction_scheme_geometric_normal_predictor_base.h(76): message : see reference to function template instantiation 'draco::VectorD<int64_t,3> draco::MeshPredictionSchemeGeometricNormalPredictorBase<DataTypeT,TransformT,MeshDataT>::GetPositionForDataId(int) const' being compiled
          with
          [
              DataTypeT=int32_t,
              TransformT=draco::PredictionSchemeNormalOctahedronCanonicalizedEncodingTransform<int32_t>,
              MeshDataT=MeshData
          ]
C:\Users\isarl\Documents\VOP\draco\src\draco/compression/attributes/prediction_schemes/mesh_prediction_scheme_geometric_normal_predictor_area.h(27): message : see reference to class template instantiation 'draco::MeshPredictionSchemeGeometricNormalPredictorBase<DataTypeT,TransformT,MeshDataT>' being compiled
          with
          [
              DataTypeT=int32_t,
              TransformT=draco::PredictionSchemeNormalOctahedronCanonicalizedEncodingTransform<int32_t>,
              MeshDataT=MeshData
          ]
C:\Users\isarl\Documents\VOP\draco\src\draco/compression/attributes/prediction_schemes/mesh_prediction_scheme_geometric_normal_encoder.h(89): message : see reference to class template instantiation 'draco::MeshPredictionSchemeGeometricNormalPredictorArea<DataTypeT,TransformT,MeshDataT>' being compiled
          with
          [
              DataTypeT=int32_t,
              TransformT=draco::PredictionSchemeNormalOctahedronCanonicalizedEncodingTransform<int32_t>,
              MeshDataT=MeshData
          ]
C:\Users\isarl\Documents\VOP\draco\src\draco/compression/attributes/prediction_schemes/prediction_scheme_encoder_factory.h(69): message : see reference to class template instantiation 'draco::MeshPredictionSchemeGeometricNormalEncoder<DataTypeT,TransformT,MeshDataT>' being compiled
          with
          [
              DataTypeT=int32_t,
              TransformT=draco::PredictionSchemeNormalOctahedronCanonicalizedEncodingTransform<int32_t>,
              MeshDataT=MeshData
          ]
C:\Users\isarl\Documents\VOP\draco\src\draco/attributes/geometry_attribute.h(279,13): warning C4804: '<': unsafe use of type 'bool' in operation
C:\Users\isarl\Documents\VOP\draco\src\draco/attributes/geometry_attribute.h(189): message : see reference to function template instantiation 'bool draco::GeometryAttribute::ConvertTypedValue<bool,OutT>(draco::AttributeValueIndex,int8_t,OutT *) const' being compiled
          with
          [
              OutT=__int64
          ]
C:\Users\isarl\Documents\VOP\draco\src\draco/attributes/geometry_attribute.h(279,35): warning C4804: '>': unsafe use of type 'bool' in operation
  sequential_quantization_attribute_encoder.cc
C:\Users\isarl\Documents\VOP\draco\src\draco\compression\attributes\sequential_quantization_attribute_encoder.cc(77,41): warning C4267: 'argument': conversion from 'size_t' to 'int', possible loss of data
  Generating Code...
  draco_compression_attributes_enc.vcxproj -> C:\Users\isarl\Documents\VOP\draco\build_dir\draco_compression_attributes_enc.dir\Debug\draco_compression_attributes_enc.lib
