  Building Custom Rule C:/Users/isarl/Documents/VOP/draco/CMakeLists.txt
  shannon_entropy.cc
  symbol_decoding.cc
  symbol_encoding.cc
C:\Users\isarl\Documents\VOP\draco\src\draco/core/bit_utils.h(98,1): warning C4146: unary minus operator applied to unsigned type, result still unsigned
C:\Users\isarl\Documents\VOP\draco\src\draco/core/varint_encoding.h(51): message : see reference to function template instantiation 'unsigned __int64 draco::ConvertSignedIntToSymbol<IntTypeT>(IntTypeT)' being compiled
          with
          [
              IntTypeT=uint64_t
          ]
C:\Users\isarl\Documents\VOP\draco\src\draco/compression/entropy/rans_symbol_encoder.h(276): message : see reference to function template instantiation 'bool draco::EncodeVarint<uint64_t>(IntTypeT,draco::EncoderBuffer *)' being compiled
          with
          [
              IntTypeT=uint64_t
          ]
C:\Users\isarl\Documents\VOP\draco\src\draco/compression/entropy/rans_symbol_encoder.h(269): message : while compiling class template member function 'void draco::RAnsSymbolEncoder<5>::EndEncoding(draco::EncoderBuffer *)'
C:\Users\isarl\Documents\VOP\draco\src\draco\compression\entropy\symbol_encoding.cc(237): message : see reference to function template instantiation 'void draco::RAnsSymbolEncoder<5>::EndEncoding(draco::EncoderBuffer *)' being compiled
C:\Users\isarl\Documents\VOP\draco\src\draco\compression\entropy\symbol_encoding.cc(203): message : see reference to class template instantiation 'draco::RAnsSymbolEncoder<5>' being compiled
C:\Users\isarl\Documents\VOP\draco\src\draco\compression\entropy\symbol_encoding.cc(163): message : see reference to function template instantiation 'bool draco::EncodeTaggedSymbols<draco::RAnsSymbolEncoder>(const uint32_t *,int,int,const std::vector<uint32_t,std::allocator<uint32_t>> &,draco::EncoderBuffer *)' being compiled
  Generating Code...
  draco_compression_entropy.vcxproj -> C:\Users\isarl\Documents\VOP\draco\build_dir\draco_compression_entropy.dir\Debug\draco_compression_entropy.lib
